TN:
SF:src/App.jsx
FN:3,App
FNF:1
FNH:1
FNDA:4,App
DA:1,1
DA:3,1
DA:4,4
DA:6,4
DA:7,2
DA:8,2
DA:9,2
DA:10,2
DA:11,4
DA:13,4
DA:14,4
DA:15,4
DA:16,4
DA:17,4
DA:18,4
DA:20,4
DA:21,4
DA:22,4
DA:26,4
LF:19
LH:19
BRDA:3,0,0,4
BRDA:6,1,0,2
BRDA:8,2,0,1
BRDA:9,3,0,1
BRDA:10,4,0,1
BRF:5
BRH:5
end_of_record
TN:
SF:src/ThemeContext.jsx
FN:7,setTheme
FN:10,getSystemTheme
FN:15,ThemeProvider
FN:30,handler
FN:54,useTheme
FNF:5
FNH:5
FNDA:1,setTheme
FNDA:95,getSystemTheme
FNDA:114,ThemeProvider
FNDA:1,handler
FNDA:1316,useTheme
DA:1,1
DA:3,1
DA:4,1
DA:5,1
DA:6,1
DA:7,1
DA:8,1
DA:10,95
DA:11,95
DA:12,95
DA:13,95
DA:15,1
DA:16,114
DA:17,114
DA:19,114
DA:20,98
DA:21,98
DA:22,98
DA:23,98
DA:24,114
DA:26,114
DA:27,94
DA:28,94
DA:29,6
DA:30,6
DA:31,7
DA:32,1
DA:33,6
DA:34,6
DA:35,1
DA:36,6
DA:37,114
DA:39,114
DA:41,114
DA:42,114
DA:43,99
DA:44,99
DA:45,99
DA:46,99
DA:47,99
DA:48,114
DA:50,114
DA:51,114
DA:52,114
DA:54,1
DA:55,1316
DA:56,1316
LF:47
LH:47
BRDA:7,0,0,1
BRDA:10,1,0,95
BRDA:11,2,0,88
BRDA:11,3,0,8
BRDA:11,4,0,7
BRDA:12,5,0,3
BRDA:12,6,0,4
BRDA:15,7,0,114
BRDA:39,8,0,6
BRDA:39,9,0,108
BRDA:16,10,0,94
BRDA:16,11,0,28
BRDA:17,12,0,94
BRDA:19,13,0,98
BRDA:23,14,0,1
BRDA:26,15,0,94
BRDA:28,16,0,88
BRDA:28,17,0,7
BRDA:28,18,0,6
BRDA:31,19,0,5
BRDA:31,20,0,1
BRDA:32,21,0,6
BRDA:30,22,0,1
BRDA:33,23,0,6
BRDA:34,24,0,5
BRDA:34,25,0,1
BRDA:42,26,0,99
BRDA:45,27,0,99
BRDA:50,28,0,99
BRDA:54,29,0,1316
BRF:30
BRH:30
end_of_record
TN:
SF:src/main.jsx
FNF:0
FNH:0
DA:1,1
DA:2,1
DA:3,1
DA:4,1
DA:5,1
DA:6,1
DA:7,1
DA:8,1
DA:9,1
DA:10,1
DA:11,1
DA:12,1
DA:13,1
DA:14,1
DA:15,1
DA:16,1
DA:17,1
DA:18,1
DA:19,1
DA:20,1
DA:21,1
DA:23,1
DA:24,1
DA:25,1
DA:26,1
DA:27,1
DA:28,1
DA:29,1
DA:30,1
DA:31,1
DA:32,1
DA:33,1
DA:34,1
DA:35,1
DA:36,1
DA:37,1
DA:38,1
DA:39,1
DA:40,1
DA:41,1
DA:42,1
DA:43,1
LF:42
LH:42
BRF:0
BRH:0
end_of_record
TN:
SF:src/setupTests.js
FNF:0
FNH:0
DA:1,1
DA:2,1
DA:3,1
DA:4,1
DA:6,1
DA:7,1
DA:9,1
DA:10,1
DA:11,1
DA:13,1
DA:14,1
DA:15,1
DA:16,1
LF:13
LH:13
BRDA:14,0,0,1
BRDA:15,1,0,4
BRDA:16,2,0,1
BRF:3
BRH:3
end_of_record
TN:
SF:src/api/client.js
FN:7,ApiError
FN:16,sleep
FN:18,parseBody
FN:25,ApiClient
FN:27,ApiClient.getHeaders
FN:30,buildUrl
FN:37,request
FN:79,get
FN:80,post
FN:81,put
FN:82,delete
FNF:11
FNH:11
FNDA:44,ApiError
FNDA:5,sleep
FNDA:81,parseBody
FNDA:34,ApiClient
FNDA:90,ApiClient.getHeaders
FNDA:97,buildUrl
FNDA:86,request
FNDA:55,get
FNDA:9,post
FNDA:15,put
FNDA:5,delete
DA:1,1
DA:2,1
DA:4,1
DA:6,1
DA:7,1
DA:8,44
DA:9,44
DA:10,44
DA:11,44
DA:12,44
DA:13,44
DA:14,1
DA:16,5
DA:18,81
DA:19,81
DA:20,81
DA:21,81
DA:22,81
DA:24,1
DA:25,1
DA:26,34
DA:27,34
DA:28,34
DA:30,1
DA:31,97
DA:32,97
DA:33,97
DA:34,94
DA:35,97
DA:37,1
DA:38,86
DA:39,86
DA:40,86
DA:42,86
DA:43,91
DA:44,91
DA:45,91
DA:46,91
DA:47,91
DA:48,91
DA:49,91
DA:50,91
DA:51,91
DA:52,91
DA:53,91
DA:54,91
DA:56,81
DA:57,91
DA:58,21
DA:59,21
DA:60,21
DA:61,60
DA:62,90
DA:63,31
DA:64,30
DA:65,30
DA:66,31
DA:67,25
DA:68,25
DA:69,31
DA:70,5
DA:71,5
DA:72,5
DA:77,86
DA:79,1
DA:80,1
DA:81,1
DA:82,1
DA:83,1
DA:85,1
LF:70
LH:70
BRDA:7,0,0,44
BRDA:10,1,0,22
BRDA:11,2,0,24
BRDA:16,3,0,5
BRDA:16,4,0,5
BRDA:18,5,0,81
BRDA:20,6,0,9
BRDA:20,7,0,72
BRDA:21,8,0,3
BRDA:25,9,0,34
BRDA:27,10,0,1
BRDA:27,11,0,33
BRDA:27,12,0,90
BRDA:30,13,0,97
BRDA:31,14,0,2
BRDA:31,15,0,95
BRDA:32,16,0,1
BRDA:32,17,0,94
BRDA:33,18,0,2
BRDA:33,19,0,94
BRDA:37,20,0,86
BRDA:39,21,0,6
BRDA:39,22,0,80
BRDA:39,23,0,51
BRDA:39,24,0,29
BRDA:42,25,0,91
BRDA:43,26,0,5
BRDA:52,27,0,24
BRDA:52,28,0,1
BRDA:52,29,0,23
BRDA:52,30,0,67
BRDA:54,31,0,81
BRDA:57,32,0,21
BRDA:58,33,0,19
BRDA:58,34,0,18
BRDA:58,35,0,16
BRDA:58,36,0,17
BRDA:58,37,0,15
BRDA:58,38,0,4
BRDA:58,39,0,2
BRDA:58,40,0,2
BRDA:59,41,0,2
BRDA:60,42,0,90
BRDA:60,43,0,60
BRDA:62,44,0,31
BRDA:63,45,0,1
BRDA:63,46,0,30
BRDA:66,47,0,20
BRDA:66,48,0,8
BRDA:66,49,0,25
BRDA:67,50,0,21
BRDA:67,51,0,4
BRDA:68,52,0,1
BRDA:69,53,0,5
BRDA:76,54,0,1
BRDA:79,55,0,55
BRDA:80,56,0,9
BRDA:81,57,0,15
BRDA:82,58,0,5
BRF:59
BRH:59
end_of_record
TN:
SF:src/api/daily.js
FN:4,list
FNF:1
FNH:1
FNDA:1,list
DA:1,1
DA:3,1
DA:4,1
DA:5,1
DA:6,1
DA:7,1
LF:6
LH:6
BRDA:4,0,0,1
BRF:1
BRH:1
end_of_record
TN:
SF:src/api/locations.js
FN:4,list
FN:7,create
FN:13,updateByName
FN:21,remove
FN:25,reorder
FNF:5
FNH:5
FNDA:11,list
FNDA:3,create
FNDA:7,updateByName
FNDA:5,remove
FNDA:3,reorder
DA:1,1
DA:3,1
DA:4,1
DA:5,11
DA:6,1
DA:7,1
DA:8,3
DA:9,3
DA:10,3
DA:11,3
DA:12,1
DA:13,1
DA:14,7
DA:15,5
DA:16,5
DA:17,5
DA:18,5
DA:19,5
DA:20,1
DA:21,1
DA:22,5
DA:23,3
DA:24,1
DA:25,1
DA:26,3
DA:27,3
DA:28,3
DA:29,3
DA:30,1
DA:31,1
LF:30
LH:30
BRDA:4,0,0,11
BRDA:7,1,0,3
BRDA:13,2,0,7
BRDA:14,3,0,2
BRDA:14,4,0,5
BRDA:21,5,0,5
BRDA:22,6,0,2
BRDA:22,7,0,3
BRDA:25,8,0,3
BRF:9
BRH:9
end_of_record
TN:
SF:src/api/measurements.js
FN:4,listByPlant
FN:8,getById
FN:12,delete
FN:17,create
FN:23,update
FN:32,create
FN:38,update
FN:47,get
FN:52,create
FN:58,update
FNF:10
FNH:10
FNDA:3,listByPlant
FNDA:2,getById
FNDA:2,delete
FNDA:3,create
FNDA:4,update
FNDA:3,create
FNDA:4,update
FNDA:2,get
FNDA:1,create
FNDA:2,update
DA:1,1
DA:3,1
DA:4,1
DA:5,3
DA:6,1
DA:7,1
DA:8,1
DA:9,2
DA:10,1
DA:11,1
DA:12,1
DA:13,2
DA:14,1
DA:15,1
DA:16,1
DA:17,1
DA:18,3
DA:19,3
DA:20,3
DA:21,3
DA:22,1
DA:23,1
DA:24,4
DA:25,3
DA:26,3
DA:27,3
DA:28,3
DA:29,1
DA:30,1
DA:31,1
DA:32,1
DA:33,3
DA:34,3
DA:35,3
DA:36,3
DA:37,1
DA:38,1
DA:39,4
DA:40,3
DA:41,3
DA:42,3
DA:43,3
DA:44,1
DA:45,1
DA:46,1
DA:47,1
DA:48,2
DA:49,1
DA:50,1
DA:51,1
DA:52,1
DA:53,1
DA:54,1
DA:55,1
DA:56,1
DA:57,1
DA:58,1
DA:59,2
DA:60,1
DA:61,1
DA:62,1
DA:63,1
DA:64,1
DA:65,1
DA:66,1
LF:65
LH:65
BRDA:4,0,0,3
BRDA:5,1,0,2
BRDA:5,2,0,1
BRDA:8,3,0,2
BRDA:9,4,0,1
BRDA:12,5,0,2
BRDA:13,6,0,1
BRDA:17,7,0,3
BRDA:23,8,0,4
BRDA:24,9,0,3
BRDA:24,10,0,1
BRDA:32,11,0,3
BRDA:38,12,0,4
BRDA:39,13,0,3
BRDA:39,14,0,1
BRDA:47,15,0,2
BRDA:48,16,0,1
BRDA:52,17,0,1
BRDA:58,18,0,2
BRDA:59,19,0,1
BRF:20
BRH:20
end_of_record
TN:
SF:src/api/plants.js
FN:4,list
FN:7,getByUuid
FN:11,create
FN:17,update
FN:24,reorder
FN:30,remove
FNF:6
FNH:6
FNDA:29,list
FNDA:3,getByUuid
FNDA:1,create
FNDA:3,update
FNDA:4,reorder
FNDA:5,remove
DA:1,1
DA:3,1
DA:4,1
DA:5,29
DA:6,1
DA:7,1
DA:8,3
DA:9,1
DA:10,1
DA:11,1
DA:12,1
DA:13,1
DA:14,1
DA:15,1
DA:16,1
DA:17,1
DA:18,3
DA:19,1
DA:20,1
DA:21,1
DA:22,1
DA:23,1
DA:24,1
DA:25,4
DA:26,4
DA:27,4
DA:28,4
DA:29,1
DA:30,1
DA:31,5
DA:32,3
DA:33,1
DA:34,1
LF:33
LH:33
BRDA:4,0,0,29
BRDA:7,1,0,3
BRDA:8,2,0,2
BRDA:8,3,0,1
BRDA:11,4,0,1
BRDA:17,5,0,3
BRDA:18,6,0,2
BRDA:18,7,0,1
BRDA:24,8,0,4
BRDA:30,9,0,5
BRDA:31,10,0,2
BRDA:31,11,0,3
BRF:12
BRH:12
end_of_record
TN:
SF:src/components/Badge.jsx
FN:3,Badge
FNF:1
FNH:1
FNDA:175,Badge
DA:1,1
DA:3,1
DA:4,175
DA:5,175
DA:6,175
DA:7,175
DA:8,175
DA:9,175
DA:10,175
DA:11,175
DA:12,175
DA:13,175
DA:14,175
DA:15,175
DA:16,175
DA:17,175
DA:18,175
DA:19,175
DA:20,175
DA:21,175
DA:22,175
DA:23,175
DA:24,175
DA:25,175
DA:28,175
LF:25
LH:25
BRDA:3,0,0,175
BRDA:10,1,0,1
BRF:2
BRH:2
end_of_record
TN:
SF:src/components/BulkMeasurementTable.jsx
FN:6,BulkMeasurementTable
FN:74,onBlur
FN:77,onChange
FN:97,onClick
FN:110,onClick
FN:124,onClick
FNF:6
FNH:6
FNDA:45,BulkMeasurementTable
FNDA:13,onBlur
FNDA:34,onChange
FNDA:3,onClick
FNDA:1,onClick
FNDA:1,onClick
DA:1,1
DA:2,1
DA:3,1
DA:4,1
DA:6,1
DA:7,45
DA:8,45
DA:9,45
DA:10,45
DA:11,45
DA:12,45
DA:13,45
DA:14,45
DA:15,45
DA:16,45
DA:17,45
DA:18,45
DA:19,45
DA:20,45
DA:21,45
DA:22,45
DA:23,45
DA:24,45
DA:25,45
DA:26,45
DA:27,45
DA:28,45
DA:29,45
DA:32,45
DA:33,45
DA:34,45
DA:36,45
DA:37,45
DA:38,45
DA:40,45
DA:41,45
DA:42,45
DA:44,45
DA:45,45
DA:46,45
DA:48,45
DA:49,45
DA:50,45
DA:52,45
DA:53,45
DA:54,45
DA:55,45
DA:60,45
DA:61,45
DA:62,58
DA:63,58
DA:64,58
DA:65,58
DA:66,58
DA:67,58
DA:68,58
DA:69,58
DA:70,58
DA:71,58
DA:72,58
DA:73,58
DA:74,58
DA:75,13
DA:76,13
DA:77,58
DA:78,34
DA:79,34
DA:81,58
DA:82,58
DA:83,58
DA:84,58
DA:90,58
DA:91,58
DA:93,58
DA:94,58
DA:95,52
DA:96,52
DA:97,52
DA:98,52
DA:100,52
DA:103,58
DA:106,58
DA:107,58
DA:108,52
DA:109,52
DA:110,52
DA:111,52
DA:113,52
DA:116,58
DA:119,58
DA:120,58
DA:121,58
DA:122,52
DA:123,52
DA:124,52
DA:125,52
DA:127,52
DA:130,58
DA:133,58
DA:134,58
DA:135,58
DA:139,58
DA:140,45
DA:141,45
DA:142,45
DA:149,45
LF:106
LH:106
BRDA:6,0,0,45
BRDA:20,1,0,17
BRDA:142,2,0,1
BRDA:142,3,0,1
BRDA:61,4,0,58
BRDA:65,5,0,3
BRDA:65,6,0,55
BRDA:67,7,0,2
BRDA:67,8,0,56
BRDA:72,9,0,15
BRDA:72,10,0,43
BRDA:72,11,0,3
BRDA:72,12,0,55
BRDA:73,13,0,48
BRDA:93,14,0,52
BRDA:93,15,0,6
BRDA:94,16,0,52
BRDA:100,17,0,12
BRDA:100,18,0,40
BRDA:103,19,0,6
BRDA:103,20,0,2
BRDA:103,21,0,4
BRDA:103,22,0,1
BRDA:106,23,0,52
BRDA:106,24,0,6
BRDA:107,25,0,52
BRDA:113,26,0,40
BRDA:116,27,0,6
BRDA:116,28,0,2
BRDA:119,29,0,40
BRDA:120,30,0,52
BRDA:120,31,0,6
BRDA:121,32,0,52
BRDA:130,33,0,6
BRDA:135,34,0,1
BRDA:67,35,0,6
BRDA:74,36,0,13
BRDA:75,37,0,12
BRDA:75,38,0,11
BRDA:77,39,0,34
BRDA:97,40,0,3
BRDA:110,41,0,1
BRDA:124,42,0,1
BRF:43
BRH:43
end_of_record
TN:
SF:src/components/ConfirmDialog.jsx
FN:4,ConfirmDialog
FN:24,onKey
FN:179,onClick
FN:205,onClick
FNF:4
FNH:4
FNDA:91,ConfirmDialog
FNDA:5,onKey
FNDA:2,onClick
FNDA:10,onClick
DA:1,1
DA:2,1
DA:4,1
DA:5,91
DA:6,91
DA:7,91
DA:8,91
DA:9,91
DA:10,91
DA:11,91
DA:12,91
DA:13,91
DA:14,91
DA:15,91
DA:16,91
DA:17,91
DA:18,91
DA:19,91
DA:20,91
DA:21,91
DA:23,91
DA:24,84
DA:25,5
DA:26,3
DA:27,1
DA:28,1
DA:29,1
DA:30,5
DA:31,84
DA:32,84
DA:33,91
DA:35,91
DA:36,44
DA:37,16
DA:38,16
DA:39,91
DA:41,91
DA:43,24
DA:44,24
DA:45,91
DA:46,91
DA:47,91
DA:48,91
DA:49,91
DA:50,91
DA:51,91
DA:52,91
DA:53,91
DA:54,91
DA:55,91
DA:56,91
DA:57,91
DA:58,91
DA:59,91
DA:60,91
DA:61,91
DA:62,91
DA:63,91
DA:64,91
DA:65,91
DA:66,91
DA:68,91
DA:69,91
DA:70,91
DA:71,91
DA:72,91
DA:73,91
DA:74,91
DA:75,91
DA:77,91
DA:78,91
DA:79,91
DA:80,91
DA:81,91
DA:82,91
DA:83,91
DA:86,91
DA:87,91
DA:88,91
DA:89,91
DA:90,91
DA:93,91
DA:94,91
DA:95,91
DA:96,91
DA:97,91
DA:98,91
DA:101,91
DA:102,91
DA:103,91
DA:104,91
DA:105,91
DA:108,91
DA:109,91
DA:110,91
DA:111,91
DA:112,91
DA:113,91
DA:116,91
DA:118,91
DA:119,91
DA:120,91
DA:122,91
DA:123,91
DA:124,91
DA:125,91
DA:126,91
DA:127,91
DA:128,91
DA:129,91
DA:130,91
DA:131,91
DA:132,91
DA:133,91
DA:134,91
DA:135,91
DA:137,91
DA:142,91
DA:143,91
DA:144,91
DA:145,91
DA:146,91
DA:147,91
DA:148,91
DA:149,91
DA:150,91
DA:152,91
DA:153,91
DA:154,91
DA:155,91
DA:156,91
DA:158,91
DA:159,91
DA:160,91
DA:161,91
DA:162,91
DA:164,91
DA:165,91
DA:166,91
DA:167,91
DA:168,91
DA:169,91
DA:171,91
DA:173,91
DA:174,91
DA:175,91
DA:176,91
DA:177,91
DA:178,91
DA:179,91
DA:180,2
DA:181,2
DA:182,91
DA:183,91
DA:184,91
DA:185,91
DA:186,91
DA:187,91
DA:188,91
DA:189,91
DA:190,91
DA:191,91
DA:192,91
DA:194,91
DA:195,91
DA:196,91
DA:197,91
DA:198,91
DA:199,91
DA:200,91
DA:201,91
DA:202,91
DA:203,91
DA:204,91
DA:205,91
DA:207,91
DA:208,91
DA:209,91
DA:210,91
DA:212,91
DA:213,91
DA:214,91
DA:215,91
DA:216,91
DA:217,91
DA:218,91
DA:219,91
DA:221,91
DA:228,91
LF:189
LH:189
BRDA:4,0,0,91
BRDA:41,1,0,67
BRDA:41,2,0,24
BRDA:45,3,0,2
BRDA:45,4,0,22
BRDA:46,5,0,2
BRDA:46,6,0,22
BRDA:47,7,0,2
BRDA:47,8,0,22
BRDA:48,9,0,2
BRDA:48,10,0,22
BRDA:49,11,0,2
BRDA:49,12,0,22
BRDA:50,13,0,2
BRDA:50,14,0,22
BRDA:51,15,0,2
BRDA:51,16,0,22
BRDA:52,17,0,2
BRDA:52,18,0,22
BRDA:53,19,0,2
BRDA:53,20,0,22
BRDA:54,21,0,2
BRDA:54,22,0,22
BRDA:57,23,0,2
BRDA:57,24,0,22
BRDA:58,25,0,2
BRDA:58,26,0,22
BRDA:59,27,0,2
BRDA:59,28,0,22
BRDA:60,29,0,2
BRDA:60,30,0,22
BRDA:61,31,0,2
BRDA:61,32,0,22
BRDA:62,33,0,2
BRDA:62,34,0,22
BRDA:63,35,0,2
BRDA:63,36,0,22
BRDA:64,37,0,2
BRDA:64,38,0,22
BRDA:65,39,0,2
BRDA:65,40,0,22
BRDA:68,41,0,1
BRDA:118,42,0,1
BRDA:119,43,0,16
BRDA:119,44,0,11
BRDA:119,45,0,5
BRDA:119,46,0,1
BRDA:119,47,0,4
BRDA:119,48,0,1
BRDA:119,49,0,3
BRDA:119,50,0,1
BRDA:119,51,0,2
BRDA:120,52,0,1
BRDA:149,53,0,2
BRDA:149,54,0,22
BRDA:168,55,0,19
BRDA:168,56,0,5
BRDA:171,57,0,2
BRDA:171,58,0,1
BRDA:171,59,0,23
BRDA:202,60,0,2
BRDA:202,61,0,22
BRDA:23,62,0,84
BRDA:24,63,0,5
BRDA:25,64,0,3
BRDA:25,65,0,2
BRDA:26,66,0,1
BRDA:32,67,0,84
BRDA:35,68,0,44
BRDA:36,69,0,17
BRDA:36,70,0,16
BRDA:37,71,0,1
BRDA:179,72,0,2
BRDA:180,73,0,1
BRDA:205,74,0,10
BRF:75
BRH:75
end_of_record
TN:
SF:src/components/DashboardLayout.jsx
FN:5,DashboardLayout
FNF:1
FNH:1
FNDA:231,DashboardLayout
DA:1,1
DA:2,1
DA:3,1
DA:5,1
DA:6,231
DA:8,231
DA:9,231
DA:11,231
DA:12,231
DA:13,231
DA:14,231
DA:15,231
DA:16,231
DA:17,231
DA:19,231
DA:20,231
DA:22,231
DA:23,231
DA:24,231
DA:25,231
DA:26,1155
DA:27,1155
DA:28,1155
DA:29,1155
DA:30,1155
DA:31,1155
DA:33,1155
DA:36,1155
DA:38,231
DA:39,231
DA:46,231
DA:49,231
LF:32
LH:32
BRDA:5,0,0,231
BRDA:25,1,0,1155
BRDA:31,2,0,36
BRDA:31,3,0,1119
BRF:4
BRH:4
end_of_record
TN:
SF:src/components/DateTimeText.jsx
FN:9,DateTimeText
FNF:1
FNH:1
FNDA:282,DateTimeText
DA:1,1
DA:2,1
DA:4,1
DA:5,1
DA:6,1
DA:7,1
DA:8,1
DA:9,1
DA:10,282
DA:11,282
DA:12,282
DA:13,282
DA:14,282
DA:15,282
DA:18,282
LF:15
LH:15
BRDA:9,0,0,282
BRDA:11,1,0,117
BRDA:11,2,0,117
BRDA:12,3,0,1
BRDA:12,4,0,281
BRDA:12,5,0,116
BRDA:12,6,0,165
BRDA:15,7,0,167
BRDA:15,8,0,115
BRF:9
BRH:9
end_of_record
TN:
SF:src/components/IconButton.jsx
FN:53,IconButton
FN:107,onMouseOver
FN:108,onMouseOut
FNF:3
FNH:3
FNDA:1035,IconButton
FNDA:21,onMouseOver
FNDA:5,onMouseOut
DA:1,1
DA:2,1
DA:4,1
DA:5,1
DA:6,1
DA:7,1
DA:8,1
DA:9,1
DA:12,1
DA:13,1
DA:14,1
DA:15,1
DA:16,1
DA:19,1
DA:20,1
DA:21,1
DA:22,1
DA:23,1
DA:24,1
DA:25,1
DA:26,1
DA:29,1
DA:30,1
DA:31,1
DA:32,1
DA:33,1
DA:34,1
DA:37,1
DA:38,1
DA:39,1
DA:40,1
DA:43,1
DA:44,1
DA:45,1
DA:46,1
DA:47,1
DA:48,1
DA:51,1
DA:53,1
DA:54,1035
DA:55,1035
DA:57,1035
DA:58,1035
DA:59,1035
DA:60,1035
DA:61,1035
DA:62,1035
DA:63,1035
DA:64,1035
DA:65,1035
DA:66,1035
DA:67,1035
DA:68,1035
DA:69,1035
DA:71,1035
DA:72,1035
DA:73,1035
DA:74,1035
DA:75,1035
DA:76,1035
DA:77,1035
DA:78,1035
DA:79,1035
DA:80,1035
DA:81,1035
DA:82,1035
DA:83,1035
DA:84,1035
DA:85,1035
DA:86,1035
DA:87,1035
DA:88,1035
DA:89,1035
DA:90,1035
DA:92,1035
DA:93,1
DA:94,1034
DA:95,1034
DA:96,1034
DA:98,1035
DA:100,1035
DA:101,1035
DA:102,1035
DA:103,1035
DA:104,1035
DA:105,1035
DA:106,1035
DA:107,1035
DA:108,1035
DA:110,1035
DA:113,1035
LF:91
LH:91
BRDA:53,0,0,1035
BRDA:65,1,0,1
BRDA:65,2,0,1034
BRDA:66,3,0,2
BRDA:66,4,0,1033
BRDA:77,5,0,2
BRDA:77,6,0,1033
BRDA:78,7,0,2
BRDA:78,8,0,1033
BRDA:81,9,0,2
BRDA:81,10,0,1033
BRDA:82,11,0,2
BRDA:82,12,0,1033
BRDA:83,13,0,2
BRDA:83,14,0,1033
BRDA:86,15,0,2
BRDA:86,16,0,1033
BRDA:87,17,0,2
BRDA:87,18,0,1033
BRDA:88,19,0,2
BRDA:88,20,0,1033
BRDA:92,21,0,1
BRDA:93,22,0,1034
BRDA:98,23,0,1
BRDA:105,24,0,1
BRDA:105,25,0,1034
BRDA:106,26,0,1
BRDA:106,27,0,1
BRDA:106,28,0,1034
BRDA:107,29,0,21
BRDA:108,30,0,5
BRF:31
BRH:31
end_of_record
TN:
SF:src/components/PageHeader.jsx
FN:3,PageHeader
FNF:1
FNH:1
FNDA:122,PageHeader
DA:1,1
DA:3,1
DA:4,122
DA:5,122
DA:6,122
DA:7,122
DA:8,122
DA:9,122
DA:10,122
DA:13,122
DA:14,122
DA:18,122
DA:19,122
DA:23,122
DA:27,122
DA:29,1
LF:16
LH:16
BRDA:3,0,0,122
BRF:1
BRH:1
end_of_record
TN:
SF:src/components/QuickCreateButtons.jsx
FN:5,QuickCreateButtons
FN:10,openPlant
FN:16,onClick
FN:17,onClick
FN:18,onClick
FNF:5
FNH:5
FNDA:155,QuickCreateButtons
FNDA:6,openPlant
FNDA:2,onClick
FNDA:2,onClick
FNDA:2,onClick
DA:1,1
DA:2,1
DA:3,1
DA:5,1
DA:6,155
DA:7,155
DA:8,155
DA:10,155
DA:11,6
DA:12,6
DA:14,155
DA:15,155
DA:16,155
DA:17,155
DA:18,155
DA:21,155
LF:16
LH:16
BRDA:5,0,0,155
BRDA:8,1,0,154
BRDA:8,2,0,1
BRDA:16,3,0,1
BRDA:17,4,0,1
BRDA:18,5,0,1
BRDA:10,6,0,6
BRDA:11,7,0,3
BRDA:11,8,0,3
BRDA:16,9,0,2
BRDA:17,10,0,2
BRDA:18,11,0,2
BRF:12
BRH:12
end_of_record
TN:
SF:src/components/SearchField.jsx
FN:3,SearchField
FN:35,onChange
FN:43,onClick
FNF:3
FNH:3
FNDA:30,SearchField
FNDA:3,onChange
FNDA:1,onClick
DA:1,1
DA:3,1
DA:4,30
DA:5,30
DA:6,30
DA:7,30
DA:8,30
DA:9,30
DA:10,30
DA:11,30
DA:12,30
DA:13,30
DA:14,30
DA:15,30
DA:16,30
DA:17,30
DA:18,30
DA:19,30
DA:20,30
DA:21,30
DA:22,30
DA:23,30
DA:24,30
DA:25,30
DA:26,30
DA:27,30
DA:29,30
DA:30,30
DA:31,30
DA:32,30
DA:33,30
DA:34,30
DA:35,30
DA:36,30
DA:37,30
DA:38,30
DA:39,30
DA:41,30
DA:42,30
DA:43,30
DA:44,30
DA:45,30
DA:46,30
DA:47,30
DA:48,30
DA:53,30
LF:46
LH:46
BRDA:3,0,0,30
BRDA:25,1,0,3
BRDA:25,2,0,27
BRDA:35,3,0,3
BRDA:43,4,0,1
BRF:5
BRH:5
end_of_record
TN:
SF:src/components/StatusIcon.jsx
FN:7,StatusIcon
FNF:1
FNH:1
FNDA:21,StatusIcon
DA:1,1
DA:2,1
DA:4,1
DA:5,1
DA:6,1
DA:7,1
DA:8,21
DA:9,21
DA:11,21
DA:12,21
DA:13,21
DA:14,21
DA:16,21
DA:17,21
DA:18,21
DA:20,21
DA:21,21
DA:22,21
DA:23,21
DA:24,21
DA:25,21
DA:26,21
DA:27,21
DA:28,21
DA:29,21
DA:30,21
DA:31,21
DA:33,21
DA:35,21
DA:36,21
DA:37,21
DA:38,10
DA:39,10
DA:40,10
DA:43,10
DA:44,21
DA:45,21
DA:50,21
LF:38
LH:38
BRDA:7,0,0,21
BRDA:12,1,0,10
BRDA:13,2,0,1
BRDA:13,3,0,9
BRDA:14,4,0,11
BRDA:14,5,0,2
BRDA:14,6,0,9
BRDA:16,7,0,3
BRDA:16,8,0,18
BRDA:18,9,0,3
BRDA:18,10,0,18
BRDA:27,11,0,14
BRDA:27,12,0,7
BRDA:28,13,0,14
BRDA:28,14,0,7
BRDA:29,15,0,3
BRDA:29,16,0,18
BRDA:30,17,0,3
BRDA:30,18,0,18
BRDA:33,19,0,20
BRDA:33,20,0,9
BRDA:33,21,0,6
BRDA:33,22,0,3
BRDA:33,23,0,11
BRDA:33,24,0,7
BRDA:33,25,0,4
BRDA:37,26,0,10
BRF:27
BRH:27
end_of_record
TN:
SF:src/components/feedback/EmptyState.jsx
FN:11,EmptyState
FNF:1
FNH:1
FNDA:7,EmptyState
DA:1,1
DA:3,1
DA:10,1
DA:11,1
DA:12,7
DA:13,7
DA:14,7
DA:15,7
DA:16,7
DA:17,7
DA:18,7
DA:19,7
DA:20,7
DA:21,7
DA:22,7
DA:23,7
DA:24,7
DA:27,7
LF:18
LH:18
BRDA:11,0,0,7
BRDA:12,1,0,1
BRDA:12,2,0,1
BRDA:22,3,0,5
BRDA:22,4,0,1
BRDA:23,5,0,3
BRDA:23,6,0,2
BRF:7
BRH:7
end_of_record
TN:
SF:src/components/feedback/ErrorNotice.jsx
FN:11,ErrorNotice
FNF:1
FNH:1
FNDA:9,ErrorNotice
DA:1,1
DA:3,1
DA:10,1
DA:11,1
DA:12,9
DA:13,7
DA:14,9
DA:15,9
DA:16,9
DA:17,9
DA:18,9
DA:19,9
DA:20,9
DA:21,9
DA:22,9
DA:23,9
DA:24,9
DA:25,9
DA:26,9
DA:27,9
DA:28,9
DA:34,9
LF:22
LH:22
BRDA:11,0,0,9
BRDA:12,1,0,7
BRDA:12,2,0,2
BRDA:14,3,0,1
BRDA:14,4,0,6
BRF:5
BRH:5
end_of_record
TN:
SF:src/components/feedback/Loader.jsx
FN:10,Loader
FNF:1
FNH:1
FNDA:21,Loader
DA:1,1
DA:3,1
DA:9,1
DA:10,1
DA:11,21
DA:12,21
DA:13,21
DA:14,21
DA:15,21
DA:16,21
DA:17,21
DA:18,21
DA:19,21
DA:20,21
DA:21,21
DA:22,21
DA:23,21
DA:24,21
DA:25,21
DA:26,21
DA:27,21
DA:28,21
DA:29,21
DA:32,21
LF:24
LH:24
BRDA:10,0,0,21
BRDA:12,1,0,1
BRDA:12,2,0,20
BRF:3
BRH:3
end_of_record
TN:
SF:src/components/form/useForm.js
FN:4,required
FN:11,minNumber
FN:20,maxNumber
FN:29,optionalHexLen
FN:37,runValidators
FN:46,useForm
FN:69,onChange
FN:78,onBlur
FNF:8
FNH:8
FNDA:14,required
FNDA:4,minNumber
FNDA:2,maxNumber
FNDA:2,optionalHexLen
FNDA:40,runValidators
FNDA:73,useForm
FNDA:26,onChange
FNDA:20,onBlur
DA:1,1
DA:3,1
DA:4,1
DA:5,14
DA:6,36
DA:7,36
DA:8,36
DA:9,14
DA:11,1
DA:12,4
DA:13,19
DA:14,14
DA:15,19
DA:16,19
DA:17,19
DA:18,4
DA:20,1
DA:21,2
DA:22,13
DA:23,8
DA:24,13
DA:25,13
DA:26,13
DA:27,2
DA:29,1
DA:30,2
DA:31,2
DA:32,6
DA:33,6
DA:34,6
DA:35,2
DA:37,40
DA:38,40
DA:39,40
DA:40,54
DA:41,54
DA:42,54
DA:43,18
DA:44,18
DA:46,1
DA:47,73
DA:48,73
DA:49,73
DA:50,73
DA:51,73
DA:53,73
DA:54,1
DA:55,73
DA:57,73
DA:58,1
DA:59,73
DA:61,73
DA:62,65
DA:63,21
DA:64,21
DA:65,65
DA:66,65
DA:67,65
DA:68,65
DA:69,65
DA:70,26
DA:71,26
DA:72,26
DA:73,26
DA:74,14
DA:75,14
DA:76,14
DA:77,65
DA:78,65
DA:79,20
DA:80,20
DA:81,20
DA:82,20
DA:83,65
DA:84,65
DA:85,73
DA:87,73
DA:88,4
DA:89,4
DA:90,6
DA:91,6
DA:92,6
DA:93,4
DA:94,4
DA:95,73
DA:97,73
DA:98,2
DA:99,2
DA:100,2
DA:101,2
DA:102,2
DA:103,1
DA:104,2
DA:105,73
DA:107,73
DA:108,47
DA:109,47
DA:110,47
DA:111,47
DA:112,49
DA:113,49
DA:114,22
DA:115,73
DA:117,73
DA:119,73
DA:120,73
DA:121,73
DA:122,73
DA:123,73
DA:124,73
DA:125,73
DA:126,73
DA:127,73
DA:128,73
DA:129,73
DA:130,73
DA:131,73
LF:117
LH:117
BRDA:4,0,0,14
BRDA:5,1,0,36
BRDA:6,2,0,23
BRDA:7,3,0,16
BRDA:11,4,0,4
BRDA:12,5,0,19
BRDA:13,6,0,15
BRDA:13,7,0,5
BRDA:13,8,0,14
BRDA:15,9,0,1
BRDA:15,10,0,0
BRDA:15,11,0,13
BRDA:16,12,0,4
BRDA:16,13,0,3
BRDA:20,14,0,2
BRDA:21,15,0,13
BRDA:22,16,0,9
BRDA:22,17,0,5
BRDA:22,18,0,8
BRDA:24,19,0,1
BRDA:24,20,0,0
BRDA:24,21,0,7
BRDA:25,22,0,3
BRDA:25,23,0,2
BRDA:29,24,0,2
BRDA:31,25,0,6
BRDA:32,26,0,2
BRDA:32,27,0,4
BRDA:33,28,0,3
BRDA:33,29,0,1
BRDA:37,30,0,40
BRDA:38,31,0,2
BRDA:38,32,0,38
BRDA:39,33,0,54
BRDA:41,34,0,20
BRDA:41,35,0,19
BRDA:41,36,0,1
BRDA:42,37,0,18
BRDA:46,38,0,73
BRDA:53,39,0,1
BRDA:54,40,0,1
BRDA:57,41,0,1
BRDA:61,42,0,65
BRDA:62,43,0,21
BRDA:63,44,0,3
BRDA:67,45,0,6
BRDA:67,46,0,3
BRDA:67,47,0,3
BRDA:68,48,0,11
BRDA:68,49,0,54
BRDA:69,50,0,26
BRDA:71,51,0,25
BRDA:71,52,0,4
BRDA:71,53,0,21
BRDA:71,54,0,1
BRDA:73,55,0,14
BRDA:72,56,0,26
BRDA:75,57,0,14
BRDA:78,58,0,20
BRDA:79,59,0,20
BRDA:82,60,0,20
BRDA:87,61,0,4
BRDA:89,62,0,6
BRDA:90,63,0,1
BRDA:91,64,0,2
BRDA:97,65,0,2
BRDA:98,66,0,2
BRDA:102,67,0,1
BRDA:107,68,0,47
BRDA:111,69,0,49
BRDA:112,70,0,25
BRDA:113,71,0,22
BRDA:117,72,0,56
BRDA:117,73,0,37
BRF:74
BRH:72
end_of_record
TN:
SF:src/components/form/fields/Checkbox.jsx
FN:4,Checkbox
FNF:1
FNH:1
FNDA:10,Checkbox
DA:1,1
DA:2,1
DA:4,1
DA:5,10
DA:6,10
DA:7,10
DA:8,10
DA:10,10
DA:11,10
DA:13,10
DA:14,10
DA:15,10
DA:16,10
DA:17,10
DA:18,10
DA:19,10
DA:20,10
DA:21,10
DA:22,10
DA:23,10
DA:24,10
DA:26,10
DA:28,10
DA:31,10
LF:24
LH:24
BRDA:4,0,0,10
BRDA:21,1,0,1
BRDA:21,2,0,9
BRF:3
BRH:3
end_of_record
TN:
SF:src/components/form/fields/DateTimeLocal.jsx
FN:4,DateTimeLocal
FNF:1
FNH:1
FNDA:9,DateTimeLocal
DA:1,1
DA:2,1
DA:4,1
DA:5,9
DA:6,9
DA:7,9
DA:8,9
DA:10,9
DA:11,9
DA:12,9
DA:13,9
DA:14,9
DA:15,9
DA:16,9
DA:18,9
DA:19,9
DA:20,9
DA:21,9
DA:22,9
DA:25,9
LF:20
LH:20
BRDA:4,0,0,9
BRDA:12,1,0,2
BRDA:12,2,0,7
BRDA:12,3,0,1
BRDA:12,4,0,6
BRDA:13,5,0,2
BRDA:13,6,0,7
BRDA:13,7,0,2
BRDA:13,8,0,7
BRDA:21,9,0,2
BRDA:21,10,0,7
BRF:11
BRH:11
end_of_record
TN:
SF:src/components/form/fields/NumberInput.jsx
FN:4,NumberInput
FNF:1
FNH:1
FNDA:15,NumberInput
DA:1,1
DA:2,1
DA:4,1
DA:5,15
DA:6,15
DA:7,15
DA:8,15
DA:10,15
DA:11,15
DA:12,15
DA:13,15
DA:14,15
DA:15,15
DA:16,15
DA:18,15
DA:19,15
DA:20,15
DA:21,15
DA:22,15
DA:25,15
LF:20
LH:20
BRDA:4,0,0,15
BRDA:12,1,0,8
BRDA:12,2,0,7
BRDA:12,3,0,1
BRDA:12,4,0,6
BRDA:13,5,0,2
BRDA:13,6,0,13
BRDA:13,7,0,2
BRDA:13,8,0,13
BRDA:21,9,0,8
BRDA:21,10,0,7
BRF:11
BRH:11
end_of_record
TN:
SF:src/components/form/fields/Select.jsx
FN:4,Select
FNF:1
FNH:1
FNDA:9,Select
DA:1,1
DA:2,1
DA:4,1
DA:5,9
DA:6,9
DA:7,9
DA:8,9
DA:10,9
DA:11,9
DA:12,9
DA:13,9
DA:14,9
DA:15,9
DA:16,9
DA:18,9
DA:19,9
DA:20,9
DA:21,9
DA:22,9
DA:24,9
DA:27,9
LF:21
LH:21
BRDA:4,0,0,9
BRDA:12,1,0,2
BRDA:12,2,0,7
BRDA:12,3,0,1
BRDA:12,4,0,6
BRDA:13,5,0,2
BRDA:13,6,0,7
BRDA:13,7,0,2
BRDA:13,8,0,7
BRDA:21,9,0,2
BRDA:21,10,0,7
BRF:11
BRH:11
end_of_record
TN:
SF:src/components/form/fields/TextInput.jsx
FN:4,TextInput
FNF:1
FNH:1
FNDA:15,TextInput
DA:1,1
DA:2,1
DA:4,1
DA:5,15
DA:6,15
DA:7,15
DA:8,15
DA:10,15
DA:11,15
DA:12,15
DA:13,15
DA:14,15
DA:15,15
DA:16,15
DA:18,15
DA:19,15
DA:20,15
DA:21,15
DA:22,15
DA:25,15
LF:20
LH:20
BRDA:4,0,0,15
BRDA:12,1,0,2
BRDA:12,2,0,13
BRDA:12,3,0,1
BRDA:12,4,0,12
BRDA:13,5,0,2
BRDA:13,6,0,13
BRDA:13,7,0,2
BRDA:13,8,0,13
BRDA:21,9,0,2
BRDA:21,10,0,13
BRF:11
BRH:11
end_of_record
TN:
SF:src/hooks/useDocumentTitle.js
FN:16,useDocumentTitle
FNF:1
FNH:1
FNDA:233,useDocumentTitle
DA:1,1
DA:2,1
DA:4,1
DA:5,1
DA:6,1
DA:7,1
DA:8,1
DA:9,1
DA:10,1
DA:11,1
DA:12,1
DA:13,1
DA:14,1
DA:15,1
DA:16,1
DA:17,233
DA:18,233
DA:19,233
DA:21,233
DA:22,60
DA:24,60
DA:25,60
DA:26,60
DA:28,60
DA:29,13
DA:30,13
DA:31,13
DA:32,13
DA:33,13
DA:34,13
DA:36,60
DA:37,60
DA:38,1
DA:39,1
DA:40,60
DA:41,60
DA:42,233
DA:43,233
LF:38
LH:38
BRDA:16,0,0,233
BRDA:18,1,0,0
BRDA:21,2,0,60
BRDA:22,3,0,0
BRDA:25,4,0,58
BRDA:25,5,0,2
BRDA:26,6,0,58
BRDA:26,7,0,2
BRDA:28,8,0,13
BRDA:31,9,0,13
BRDA:32,10,0,4
BRDA:36,11,0,60
BRDA:37,12,0,1
BRF:13
BRH:11
end_of_record
TN:
SF:src/pages/BulkWatering.jsx
FN:11,BulkWatering
FN:24,plantNeedsWater
FN:32,load
FN:52,handleView
FN:57,handleWateringCommit
FN:131,onBack
FN:143,onChange
FNF:7
FNH:6
FNDA:19,BulkWatering
FNDA:10,plantNeedsWater
FNDA:5,load
FNDA:1,handleView
FNDA:5,handleWateringCommit
FNDA:0,onBack
FNDA:1,onChange
DA:1,1
DA:2,1
DA:3,1
DA:4,1
DA:5,1
DA:6,1
DA:7,1
DA:8,1
DA:9,1
DA:11,1
DA:12,19
DA:13,19
DA:14,19
DA:15,19
DA:16,19
DA:17,19
DA:18,19
DA:19,19
DA:20,19
DA:21,19
DA:23,19
DA:24,19
DA:25,10
DA:26,10
DA:27,10
DA:28,10
DA:30,19
DA:31,5
DA:32,5
DA:33,5
DA:34,5
DA:35,5
DA:36,5
DA:37,5
DA:38,4
DA:39,4
DA:40,4
DA:41,4
DA:42,5
DA:43,1
DA:44,5
DA:45,5
DA:46,5
DA:47,5
DA:48,5
DA:49,5
DA:50,19
DA:52,19
DA:53,1
DA:54,1
DA:55,1
DA:57,19
DA:58,5
DA:59,5
DA:60,1
DA:61,1
DA:62,1
DA:64,4
DA:66,4
DA:67,4
DA:69,4
DA:70,4
DA:71,4
DA:72,4
DA:73,4
DA:74,4
DA:75,4
DA:77,5
DA:78,2
DA:79,2
DA:80,2
DA:81,2
DA:83,5
DA:84,1
DA:85,1
DA:87,3
DA:88,6
DA:89,3
DA:90,3
DA:91,3
DA:92,3
DA:93,3
DA:94,3
DA:95,3
DA:96,3
DA:97,3
DA:98,3
DA:99,3
DA:100,3
DA:102,5
DA:103,2
DA:104,2
DA:105,5
DA:106,1
DA:107,1
DA:108,1
DA:109,5
DA:111,19
DA:112,19
DA:113,13
DA:114,12
DA:115,13
DA:116,7
DA:117,7
DA:118,19
DA:120,19
DA:121,19
DA:122,6
DA:123,1
DA:124,19
DA:127,19
DA:128,19
DA:129,19
DA:130,19
DA:131,19
DA:132,19
DA:135,19
DA:138,19
DA:139,19
DA:140,19
DA:141,19
DA:142,19
DA:143,19
DA:145,19
DA:147,19
DA:148,19
DA:152,19
DA:153,19
DA:155,19
DA:156,19
DA:157,19
DA:158,19
DA:159,19
DA:160,19
DA:161,19
DA:162,19
DA:163,19
DA:164,19
DA:165,19
DA:170,19
LF:140
LH:140
BRDA:11,0,0,19
BRDA:148,1,0,1
BRDA:148,2,0,18
BRDA:153,3,0,1
BRDA:155,4,0,14
BRDA:24,5,0,10
BRDA:30,6,0,5
BRDA:32,7,0,5
BRDA:34,8,0,4
BRDA:35,9,0,0
BRDA:37,10,0,4
BRDA:42,11,0,1
BRDA:40,12,0,4
BRDA:49,13,0,5
BRDA:52,14,0,1
BRDA:53,15,0,0
BRDA:57,16,0,5
BRDA:59,17,0,1
BRDA:62,18,0,4
BRDA:77,19,0,2
BRDA:78,20,0,1
BRDA:81,21,0,3
BRDA:83,22,0,1
BRDA:83,23,0,1
BRDA:85,24,0,3
BRDA:102,25,0,3
BRDA:102,26,0,2
BRDA:105,27,0,1
BRDA:60,28,0,1
BRDA:64,29,0,4
BRDA:87,30,0,3
BRDA:87,31,0,6
BRDA:88,32,0,3
BRDA:92,33,0,0
BRDA:93,34,0,0
BRDA:95,35,0,0
BRDA:95,36,0,0
BRDA:95,37,0,0
BRDA:96,38,0,0
BRDA:103,39,0,2
BRDA:112,40,0,13
BRDA:113,41,0,1
BRDA:113,42,0,12
BRDA:115,43,0,5
BRDA:116,44,0,7
BRDA:117,45,0,14
BRDA:121,46,0,6
BRDA:122,47,0,5
BRDA:122,48,0,1
BRDA:123,49,0,2
BRDA:143,50,0,1
BRF:51
BRH:43
end_of_record
TN:
SF:src/pages/BulkWeightMeasurement.jsx
FN:13,BulkWeightMeasurement
FN:30,load
FN:49,handleView
FN:54,handleWeightMeasurement
FN:122,plantNeedsWater
FN:141,onBack
FN:153,onChange
FNF:7
FNH:6
FNDA:19,BulkWeightMeasurement
FNDA:5,load
FNDA:1,handleView
FNDA:5,handleWeightMeasurement
FNDA:8,plantNeedsWater
FNDA:0,onBack
FNDA:1,onChange
DA:2,1
DA:3,1
DA:4,1
DA:5,1
DA:6,1
DA:7,1
DA:8,1
DA:9,1
DA:10,1
DA:11,1
DA:13,1
DA:14,19
DA:15,19
DA:16,19
DA:17,19
DA:18,19
DA:19,19
DA:20,19
DA:21,19
DA:22,19
DA:23,19
DA:24,19
DA:25,19
DA:26,19
DA:28,19
DA:29,5
DA:30,5
DA:31,5
DA:32,5
DA:33,4
DA:34,4
DA:35,4
DA:36,4
DA:37,4
DA:38,4
DA:39,5
DA:40,1
DA:41,5
DA:42,5
DA:43,5
DA:44,5
DA:45,5
DA:46,5
DA:47,19
DA:49,19
DA:50,1
DA:51,1
DA:52,1
DA:54,19
DA:55,5
DA:56,5
DA:57,5
DA:58,1
DA:59,1
DA:60,1
DA:62,4
DA:63,4
DA:65,4
DA:66,4
DA:67,4
DA:69,4
DA:70,4
DA:71,4
DA:72,4
DA:73,4
DA:74,4
DA:75,4
DA:77,5
DA:78,2
DA:79,2
DA:80,2
DA:81,2
DA:83,3
DA:84,5
DA:85,1
DA:86,1
DA:88,3
DA:89,3
DA:90,6
DA:91,3
DA:92,3
DA:93,3
DA:94,3
DA:95,3
DA:96,3
DA:97,3
DA:98,3
DA:99,3
DA:100,3
DA:101,3
DA:102,3
DA:103,3
DA:105,3
DA:106,5
DA:107,2
DA:108,2
DA:109,2
DA:110,2
DA:111,2
DA:113,5
DA:114,5
DA:115,1
DA:116,1
DA:117,1
DA:118,1
DA:119,5
DA:121,19
DA:122,19
DA:123,8
DA:124,8
DA:125,8
DA:126,8
DA:128,19
DA:129,19
DA:130,13
DA:131,1
DA:132,13
DA:133,1
DA:134,1
DA:135,19
DA:137,19
DA:138,19
DA:139,19
DA:140,19
DA:141,19
DA:142,19
DA:145,19
DA:148,19
DA:149,19
DA:150,19
DA:151,19
DA:152,19
DA:153,19
DA:155,19
DA:157,19
DA:158,19
DA:162,19
DA:163,19
DA:165,19
DA:166,19
DA:167,19
DA:168,19
DA:169,19
DA:170,19
DA:171,19
DA:172,19
DA:173,19
DA:174,19
DA:179,19
LF:149
LH:149
BRDA:13,0,0,19
BRDA:158,1,0,18
BRDA:158,2,0,1
BRDA:163,3,0,1
BRDA:165,4,0,14
BRDA:28,5,0,5
BRDA:30,6,0,5
BRDA:32,7,0,4
BRDA:34,8,0,0
BRDA:39,9,0,1
BRDA:37,10,0,4
BRDA:46,11,0,5
BRDA:49,12,0,1
BRDA:50,13,0,0
BRDA:54,14,0,5
BRDA:57,15,0,1
BRDA:60,16,0,4
BRDA:77,17,0,2
BRDA:78,18,0,1
BRDA:81,19,0,3
BRDA:84,20,0,1
BRDA:84,21,0,1
BRDA:86,22,0,3
BRDA:106,23,0,3
BRDA:106,24,0,2
BRDA:114,25,0,1
BRDA:58,26,0,1
BRDA:63,27,0,4
BRDA:89,28,0,3
BRDA:89,29,0,6
BRDA:90,30,0,3
BRDA:95,31,0,0
BRDA:96,32,0,0
BRDA:98,33,0,0
BRDA:98,34,0,0
BRDA:98,35,0,0
BRDA:99,36,0,0
BRDA:107,37,0,2
BRDA:122,38,0,8
BRDA:129,39,0,13
BRDA:130,40,0,12
BRDA:130,41,0,1
BRDA:132,42,0,0
BRDA:133,43,0,1
BRDA:134,44,0,2
BRDA:153,45,0,1
BRF:46
BRH:37
end_of_record
TN:
SF:src/pages/DailyCare.jsx
FN:13,hoursSinceLocal
FN:21,DailyCare
FN:38,plantNeedsWater
FN:90,onBack
FN:95,onClick
FN:98,onClick
FNF:6
FNH:5
FNDA:7,hoursSinceLocal
FNDA:13,DailyCare
FNDA:7,plantNeedsWater
FNDA:0,onBack
FNDA:1,onClick
FNDA:1,onClick
DA:2,1
DA:3,1
DA:4,1
DA:5,1
DA:6,1
DA:7,1
DA:8,1
DA:9,1
DA:10,1
DA:11,1
DA:13,7
DA:14,7
DA:15,7
DA:16,7
DA:17,6
DA:18,6
DA:19,6
DA:21,1
DA:22,13
DA:24,13
DA:25,13
DA:26,13
DA:28,13
DA:29,6
DA:30,6
DA:31,6
DA:32,6
DA:33,6
DA:34,6
DA:37,6
DA:38,6
DA:39,7
DA:40,7
DA:41,7
DA:42,7
DA:44,6
DA:45,7
DA:46,7
DA:47,7
DA:48,7
DA:50,7
DA:51,7
DA:52,7
DA:53,7
DA:54,7
DA:55,7
DA:56,7
DA:58,7
DA:59,7
DA:61,7
DA:63,6
DA:64,6
DA:67,6
DA:69,6
DA:70,1
DA:71,6
DA:72,6
DA:73,6
DA:74,13
DA:76,13
DA:77,5
DA:78,5
DA:79,5
DA:80,5
DA:81,5
DA:82,5
DA:83,5
DA:84,13
DA:86,13
DA:87,13
DA:88,13
DA:89,13
DA:90,13
DA:91,13
DA:92,13
DA:94,13
DA:95,13
DA:96,13
DA:98,13
DA:99,13
DA:102,13
DA:104,13
DA:105,13
DA:107,13
DA:108,6
DA:109,2
DA:111,6
DA:112,4
DA:113,4
DA:114,4
DA:115,4
DA:116,4
DA:117,4
DA:118,4
DA:119,4
DA:120,4
DA:123,4
DA:124,4
DA:125,4
DA:126,4
DA:127,4
DA:129,4
DA:130,4
DA:132,4
DA:133,4
DA:134,4
DA:135,4
DA:141,4
DA:146,13
LF:109
LH:109
BRDA:13,0,0,7
BRDA:14,1,0,0
BRDA:16,2,0,1
BRDA:16,3,0,6
BRDA:21,4,0,13
BRDA:96,5,0,3
BRDA:96,6,0,10
BRDA:99,7,0,5
BRDA:99,8,0,8
BRDA:105,9,0,1
BRDA:107,10,0,7
BRDA:107,11,0,6
BRDA:108,12,0,2
BRDA:111,13,0,4
BRDA:28,14,0,6
BRDA:33,15,0,5
BRDA:34,16,0,0
BRDA:69,17,0,1
BRDA:70,18,0,0
BRDA:38,19,0,7
BRDA:41,20,0,6
BRDA:44,21,0,7
BRDA:64,22,0,7
BRDA:64,23,0,3
BRDA:76,24,0,5
BRDA:78,25,0,5
BRDA:81,26,0,0
BRDA:83,27,0,5
BRDA:95,28,0,1
BRDA:96,29,0,8
BRDA:96,30,0,6
BRDA:98,31,0,1
BRDA:99,32,0,8
BRDA:99,33,0,8
BRDA:126,34,0,4
BRDA:126,35,0,2
BRDA:129,36,0,4
BRDA:129,37,0,2
BRDA:132,38,0,0
BRDA:132,39,0,0
BRDA:132,40,0,0
BRDA:125,41,0,0
BRDA:125,42,0,0
BRF:43
BRH:34
end_of_record
TN:
SF:src/pages/Dashboard.jsx
FN:4,Dashboard
FNF:1
FNH:1
FNDA:1,Dashboard
DA:1,1
DA:2,1
DA:4,1
DA:5,1
DA:6,1
DA:7,1
DA:8,1
DA:9,1
DA:15,1
LF:9
LH:9
BRDA:4,0,0,1
BRF:1
BRH:1
end_of_record
TN:
SF:src/pages/LocationCreate.jsx
FN:7,LocationCreate
FN:15,onChange
FN:21,onCancel
FN:26,onSave
FNF:4
FNH:4
FNDA:50,LocationCreate
FNDA:41,onChange
FNDA:1,onCancel
FNDA:3,onSave
DA:1,1
DA:2,1
DA:3,1
DA:4,1
DA:5,1
DA:7,1
DA:8,50
DA:9,50
DA:10,50
DA:12,50
DA:13,50
DA:15,50
DA:16,41
DA:17,41
DA:18,41
DA:19,41
DA:21,50
DA:22,1
DA:23,1
DA:24,1
DA:26,50
DA:27,3
DA:28,3
DA:29,3
DA:30,1
DA:31,1
DA:32,1
DA:33,2
DA:34,2
DA:35,3
DA:36,1
DA:37,1
DA:38,1
DA:39,1
DA:40,1
DA:41,1
DA:42,3
DA:44,50
DA:45,50
DA:46,50
DA:47,50
DA:48,50
DA:49,50
DA:50,50
DA:51,50
DA:52,50
DA:53,50
DA:54,50
DA:56,50
DA:57,50
DA:58,50
DA:59,50
DA:60,50
DA:61,50
DA:62,50
DA:63,50
DA:64,50
DA:65,50
DA:66,50
DA:67,50
DA:68,50
DA:69,50
DA:71,50
DA:72,50
DA:73,50
DA:74,50
DA:75,50
DA:78,50
DA:79,50
DA:80,50
DA:81,50
DA:82,50
DA:83,50
DA:84,50
DA:85,50
DA:86,50
DA:87,50
DA:88,50
DA:89,50
DA:90,50
DA:91,50
DA:92,50
DA:93,50
DA:95,50
DA:96,50
DA:100,50
DA:101,50
DA:102,50
DA:105,50
DA:106,50
DA:107,50
DA:112,50
LF:92
LH:92
BRDA:7,0,0,50
BRDA:49,1,0,17
BRDA:49,2,0,33
BRDA:50,3,0,17
BRDA:50,4,0,33
BRDA:51,5,0,17
BRDA:51,6,0,33
BRDA:59,7,0,17
BRDA:59,8,0,33
BRDA:60,9,0,17
BRDA:60,10,0,33
BRDA:88,11,0,2
BRDA:88,12,0,48
BRDA:88,13,0,17
BRDA:88,14,0,31
BRDA:91,15,0,2
BRDA:91,16,0,48
BRDA:106,17,0,17
BRDA:106,18,0,33
BRDA:107,19,0,17
BRDA:107,20,0,33
BRDA:15,21,0,41
BRDA:18,22,0,1
BRDA:17,23,0,41
BRDA:18,24,0,1
BRDA:21,25,0,1
BRDA:26,26,0,3
BRDA:28,27,0,0
BRDA:29,28,0,1
BRDA:32,29,0,2
BRDA:35,30,0,2
BRDA:35,31,0,1
BRDA:38,32,0,0
BRF:33
BRH:31
end_of_record
TN:
SF:src/pages/LocationEdit.jsx
FN:8,LocationEdit
FN:25,load
FN:46,onChange
FN:53,onSave
FN:86,onCancel
FNF:5
FNH:5
FNDA:46,LocationEdit
FNDA:35,load
FNDA:26,onChange
FNDA:5,onSave
FNDA:1,onCancel
DA:1,1
DA:2,1
DA:3,1
DA:4,1
DA:5,1
DA:6,1
DA:8,1
DA:9,46
DA:10,46
DA:11,46
DA:12,46
DA:13,46
DA:15,46
DA:16,46
DA:17,46
DA:18,46
DA:19,46
DA:20,46
DA:21,46
DA:23,46
DA:24,35
DA:25,35
DA:26,35
DA:27,2
DA:28,2
DA:29,2
DA:30,35
DA:31,35
DA:32,1
DA:33,35
DA:34,35
DA:35,1
DA:36,35
DA:37,2
DA:38,2
DA:39,35
DA:40,35
DA:41,35
DA:42,35
DA:43,35
DA:44,46
DA:46,46
DA:47,26
DA:48,26
DA:49,26
DA:50,26
DA:51,26
DA:53,46
DA:54,5
DA:55,5
DA:56,5
DA:57,5
DA:58,1
DA:59,1
DA:60,1
DA:61,1
DA:63,4
DA:64,4
DA:65,4
DA:66,4
DA:67,5
DA:68,2
DA:69,2
DA:70,2
DA:71,2
DA:72,1
DA:73,1
DA:74,1
DA:75,1
DA:76,1
DA:77,1
DA:78,2
DA:79,2
DA:80,2
DA:81,5
DA:82,1
DA:83,1
DA:84,5
DA:86,46
DA:87,1
DA:88,1
DA:89,1
DA:91,46
DA:92,46
DA:93,46
DA:94,46
DA:95,46
DA:96,46
DA:97,46
DA:98,46
DA:99,46
DA:100,46
DA:102,46
DA:103,46
DA:104,46
DA:105,46
DA:106,46
DA:107,46
DA:108,46
DA:109,46
DA:110,46
DA:111,46
DA:112,46
DA:113,46
DA:114,46
DA:115,46
DA:117,46
DA:118,46
DA:119,46
DA:120,46
DA:121,46
DA:124,46
DA:125,46
DA:127,46
DA:128,46
DA:129,46
DA:130,46
DA:131,46
DA:134,46
DA:135,46
DA:136,46
DA:137,46
DA:138,46
DA:139,46
DA:140,46
DA:141,46
DA:142,46
DA:143,46
DA:144,46
DA:145,46
DA:146,46
DA:147,46
DA:149,46
DA:150,46
DA:154,46
DA:155,46
DA:156,46
DA:159,46
DA:160,46
DA:161,46
DA:164,46
DA:165,46
DA:166,46
DA:172,46
LF:144
LH:144
BRDA:8,0,0,46
BRDA:20,1,0,40
BRDA:20,2,0,6
BRDA:96,3,0,3
BRDA:96,4,0,43
BRDA:97,5,0,3
BRDA:97,6,0,43
BRDA:98,7,0,3
BRDA:98,8,0,43
BRDA:105,9,0,3
BRDA:105,10,0,43
BRDA:106,11,0,3
BRDA:106,12,0,43
BRDA:125,13,0,4
BRDA:127,14,0,44
BRDA:127,15,0,40
BRDA:139,16,0,4
BRDA:143,17,0,2
BRDA:143,18,0,38
BRDA:143,19,0,3
BRDA:143,20,0,35
BRDA:146,21,0,2
BRDA:146,22,0,38
BRDA:156,23,0,23
BRDA:165,24,0,3
BRDA:165,25,0,37
BRDA:166,26,0,3
BRDA:166,27,0,37
BRDA:15,28,0,8
BRDA:15,29,0,6
BRDA:15,30,0,2
BRDA:23,31,0,35
BRDA:25,32,0,35
BRDA:26,33,0,33
BRDA:26,34,0,2
BRDA:30,35,0,0
BRDA:31,36,0,1
BRDA:33,37,0,0
BRDA:34,38,0,1
BRDA:35,39,0,0
BRDA:36,40,0,2
BRDA:30,41,0,2
BRDA:41,42,0,35
BRDA:46,43,0,26
BRDA:48,44,0,26
BRDA:50,45,0,26
BRDA:50,46,0,0
BRDA:53,47,0,5
BRDA:55,48,0,0
BRDA:56,49,0,0
BRDA:57,50,0,1
BRDA:61,51,0,4
BRDA:67,52,0,0
BRDA:67,53,0,2
BRDA:69,54,0,0
BRDA:69,55,0,0
BRDA:71,56,0,1
BRDA:81,57,0,1
BRDA:82,58,0,0
BRDA:86,59,0,1
BRF:60
BRH:50
end_of_record
TN:
SF:src/pages/LocationsList.jsx
FN:11,LocationsList
FN:24,load
FN:53,handleView
FN:58,handleEdit
FN:62,handleDelete
FN:67,reorder
FN:74,persistOrder
FN:85,onDragStart
FN:89,onDragOver
FN:96,onDragEnd
FN:102,closeDialog
FN:107,confirmDelete
FN:129,onBack
FN:131,onCreate
FN:156,onDragStart
FN:157,onDragOver
FN:167,onClick
FN:168,onClick
FN:169,onClick
FNF:19
FNH:15
FNDA:31,LocationsList
FNDA:8,load
FNDA:1,handleView
FNDA:0,handleEdit
FNDA:3,handleDelete
FNDA:2,reorder
FNDA:2,persistOrder
FNDA:2,onDragStart
FNDA:2,onDragOver
FNDA:2,onDragEnd
FNDA:3,closeDialog
FNDA:3,confirmDelete
FNDA:0,onBack
FNDA:0,onCreate
FNDA:2,onDragStart
FNDA:2,onDragOver
FNDA:1,onClick
FNDA:0,onClick
FNDA:3,onClick
DA:1,1
DA:2,1
DA:3,1
DA:4,1
DA:5,1
DA:6,1
DA:7,1
DA:8,1
DA:9,1
DA:11,1
DA:12,31
DA:13,31
DA:14,31
DA:15,31
DA:16,31
DA:17,31
DA:18,31
DA:19,31
DA:20,31
DA:22,31
DA:23,8
DA:24,8
DA:25,8
DA:26,8
DA:27,8
DA:28,8
DA:29,1
DA:30,1
DA:31,1
DA:32,1
DA:33,8
DA:34,8
DA:35,8
DA:36,8
DA:37,8
DA:38,8
DA:39,8
DA:40,8
DA:41,31
DA:43,31
DA:44,8
DA:45,8
DA:46,0
DA:47,0
DA:48,0
DA:49,0
DA:50,0
DA:51,31
DA:53,31
DA:54,1
DA:55,1
DA:56,1
DA:58,31
DA:59,0
DA:60,0
DA:62,31
DA:63,3
DA:64,3
DA:65,3
DA:67,31
DA:68,2
DA:69,2
DA:70,2
DA:71,2
DA:72,2
DA:74,31
DA:75,2
DA:76,2
DA:77,2
DA:78,2
DA:79,2
DA:80,1
DA:81,1
DA:82,1
DA:83,2
DA:85,31
DA:86,2
DA:87,2
DA:89,31
DA:90,2
DA:91,2
DA:92,2
DA:93,2
DA:94,2
DA:96,31
DA:97,2
DA:98,2
DA:99,2
DA:100,2
DA:102,31
DA:103,3
DA:104,3
DA:105,3
DA:107,31
DA:108,3
DA:109,3
DA:110,3
DA:111,3
DA:112,3
DA:113,1
DA:114,1
DA:115,1
DA:116,2
DA:117,1
DA:118,1
DA:119,1
DA:120,3
DA:121,3
DA:122,3
DA:123,3
DA:125,31
DA:126,31
DA:127,31
DA:128,31
DA:129,31
DA:130,31
DA:131,31
DA:134,31
DA:136,31
DA:137,31
DA:138,31
DA:140,31
DA:141,31
DA:142,31
DA:143,31
DA:144,31
DA:145,31
DA:146,31
DA:147,31
DA:148,31
DA:149,31
DA:152,31
DA:153,31
DA:154,31
DA:155,31
DA:156,31
DA:157,31
DA:158,31
DA:160,31
DA:161,31
DA:163,31
DA:164,31
DA:165,31
DA:166,31
DA:167,31
DA:168,31
DA:169,31
DA:173,31
DA:174,31
DA:175,31
DA:182,31
DA:183,31
DA:184,31
DA:185,31
DA:186,31
DA:187,31
DA:188,31
DA:189,31
DA:190,31
DA:191,31
DA:195,31
LF:161
LH:154
BRDA:11,0,0,31
BRDA:137,1,0,1
BRDA:138,2,0,3
BRDA:140,3,0,23
BRDA:184,4,0,5
BRDA:184,5,0,26
BRDA:22,6,0,8
BRDA:24,7,0,8
BRDA:26,8,0,7
BRDA:27,9,0,0
BRDA:28,10,0,1
BRDA:30,11,0,0
BRDA:32,12,0,0
BRDA:38,13,0,8
BRDA:43,14,0,8
BRDA:44,15,0,0
BRDA:45,16,0,0
BRDA:53,17,0,1
BRDA:54,18,0,0
BRDA:62,19,0,3
BRDA:67,20,0,2
BRDA:74,21,0,2
BRDA:77,22,0,0
BRDA:79,23,0,1
BRDA:81,24,0,0
BRDA:76,25,0,6
BRDA:85,26,0,2
BRDA:89,27,0,2
BRDA:91,28,0,0
BRDA:92,29,0,2
BRDA:96,30,0,2
BRDA:97,31,0,0
BRDA:102,32,0,3
BRDA:107,33,0,3
BRDA:108,34,0,0
BRDA:112,35,0,1
BRDA:115,36,0,2
BRDA:116,37,0,1
BRDA:119,38,0,0
BRDA:120,39,0,2
BRDA:117,40,0,1
BRDA:117,41,0,1
BRDA:164,42,0,35
BRDA:156,43,0,2
BRDA:157,44,0,2
BRDA:167,45,0,1
BRDA:169,46,0,3
BRF:47
BRH:35
end_of_record
TN:
SF:src/pages/MeasurementCreate.jsx
FN:1,(empty-report)
FNF:1
FNH:0
FNDA:0,(empty-report)
DA:1,0
DA:2,0
DA:3,0
DA:4,0
DA:5,0
DA:6,0
DA:7,0
DA:8,0
DA:9,0
DA:10,0
DA:11,0
DA:12,0
DA:13,0
DA:15,0
DA:16,0
DA:17,0
DA:18,0
DA:19,0
DA:20,0
DA:21,0
DA:22,0
DA:24,0
DA:25,0
DA:26,0
DA:27,0
DA:29,0
DA:30,0
DA:31,0
DA:32,0
DA:33,0
DA:34,0
DA:35,0
DA:36,0
DA:37,0
DA:39,0
DA:40,0
DA:41,0
DA:42,0
DA:43,0
DA:44,0
DA:45,0
DA:46,0
DA:47,0
DA:48,0
DA:49,0
DA:50,0
DA:51,0
DA:53,0
DA:54,0
DA:55,0
DA:57,0
DA:58,0
DA:59,0
DA:60,0
DA:61,0
DA:62,0
DA:63,0
DA:64,0
DA:65,0
DA:66,0
DA:67,0
DA:68,0
DA:69,0
DA:70,0
DA:71,0
DA:72,0
DA:73,0
DA:74,0
DA:75,0
DA:76,0
DA:77,0
DA:78,0
DA:79,0
DA:80,0
DA:81,0
DA:82,0
DA:84,0
DA:85,0
DA:86,0
DA:87,0
DA:88,0
DA:89,0
DA:90,0
DA:91,0
DA:92,0
DA:93,0
DA:94,0
DA:95,0
DA:96,0
DA:97,0
DA:98,0
DA:99,0
DA:100,0
DA:101,0
DA:102,0
DA:103,0
DA:104,0
DA:105,0
DA:106,0
DA:107,0
DA:108,0
DA:109,0
DA:110,0
DA:112,0
DA:113,0
DA:114,0
DA:115,0
DA:116,0
DA:117,0
DA:118,0
DA:119,0
DA:120,0
DA:121,0
DA:124,0
DA:125,0
DA:126,0
DA:127,0
DA:128,0
DA:129,0
DA:130,0
DA:131,0
DA:132,0
DA:135,0
DA:136,0
DA:137,0
DA:142,0
LF:126
LH:0
BRDA:1,0,0,0
BRF:1
BRH:0
end_of_record
TN:
SF:src/pages/PlantCreate.jsx
FN:1,(empty-report)
FNF:1
FNH:0
FNDA:0,(empty-report)
DA:1,0
DA:2,0
DA:3,0
DA:4,0
DA:5,0
DA:6,0
DA:8,0
DA:9,0
DA:10,0
DA:11,0
DA:13,0
DA:15,0
DA:16,0
DA:17,0
DA:18,0
DA:19,0
DA:20,0
DA:21,0
DA:22,0
DA:23,0
DA:24,0
DA:25,0
DA:26,0
DA:27,0
DA:28,0
DA:29,0
DA:30,0
DA:31,0
DA:32,0
DA:33,0
DA:34,0
DA:35,0
DA:36,0
DA:37,0
DA:38,0
DA:39,0
DA:40,0
DA:41,0
DA:42,0
DA:43,0
DA:44,0
DA:45,0
DA:46,0
DA:47,0
DA:48,0
DA:49,0
DA:50,0
DA:51,0
DA:52,0
DA:53,0
DA:54,0
DA:56,0
DA:57,0
DA:58,0
DA:59,0
DA:60,0
DA:61,0
DA:62,0
DA:63,0
DA:64,0
DA:65,0
DA:66,0
DA:67,0
DA:68,0
DA:69,0
DA:70,0
DA:72,0
DA:73,0
DA:74,0
DA:75,0
DA:76,0
DA:77,0
DA:79,0
DA:80,0
DA:81,0
DA:82,0
DA:83,0
DA:84,0
DA:85,0
DA:86,0
DA:87,0
DA:88,0
DA:89,0
DA:90,0
DA:91,0
DA:92,0
DA:93,0
DA:94,0
DA:95,0
DA:96,0
DA:97,0
DA:98,0
DA:99,0
DA:100,0
DA:101,0
DA:102,0
DA:103,0
DA:104,0
DA:105,0
DA:106,0
DA:107,0
DA:108,0
DA:109,0
DA:110,0
DA:111,0
DA:112,0
DA:113,0
DA:114,0
DA:115,0
DA:116,0
DA:117,0
DA:118,0
DA:119,0
DA:120,0
DA:121,0
DA:122,0
DA:123,0
DA:124,0
DA:125,0
DA:126,0
DA:127,0
DA:128,0
DA:129,0
DA:130,0
DA:131,0
DA:132,0
DA:133,0
DA:134,0
DA:135,0
DA:136,0
DA:137,0
DA:138,0
DA:139,0
DA:140,0
DA:141,0
DA:142,0
DA:143,0
DA:144,0
DA:145,0
DA:146,0
DA:147,0
DA:148,0
DA:149,0
DA:150,0
DA:151,0
DA:152,0
DA:153,0
DA:154,0
DA:155,0
DA:157,0
DA:158,0
DA:159,0
DA:160,0
DA:161,0
DA:164,0
DA:165,0
DA:166,0
DA:167,0
DA:168,0
DA:169,0
DA:170,0
DA:171,0
DA:172,0
DA:173,0
DA:174,0
DA:175,0
DA:176,0
DA:177,0
DA:178,0
DA:179,0
DA:180,0
DA:181,0
DA:182,0
DA:183,0
DA:184,0
DA:185,0
DA:186,0
DA:187,0
DA:188,0
DA:189,0
DA:190,0
DA:191,0
DA:192,0
DA:193,0
DA:194,0
DA:195,0
DA:196,0
DA:197,0
DA:198,0
DA:199,0
DA:200,0
DA:201,0
DA:202,0
DA:203,0
DA:204,0
DA:205,0
DA:206,0
DA:207,0
DA:208,0
DA:209,0
DA:210,0
DA:211,0
DA:212,0
DA:213,0
DA:214,0
DA:215,0
DA:216,0
DA:217,0
DA:218,0
DA:219,0
DA:220,0
DA:221,0
DA:222,0
DA:223,0
DA:226,0
DA:227,0
DA:228,0
DA:229,0
DA:230,0
DA:231,0
DA:232,0
DA:233,0
DA:234,0
DA:235,0
DA:236,0
DA:237,0
DA:238,0
DA:239,0
DA:240,0
DA:241,0
DA:242,0
DA:243,0
DA:244,0
DA:246,0
DA:249,0
DA:250,0
DA:251,0
DA:252,0
DA:253,0
DA:254,0
DA:255,0
DA:256,0
DA:257,0
DA:258,0
DA:261,0
DA:262,0
DA:263,0
DA:264,0
DA:265,0
DA:266,0
DA:267,0
DA:268,0
DA:269,0
DA:270,0
DA:273,0
DA:274,0
DA:275,0
DA:276,0
DA:277,0
DA:278,0
DA:279,0
DA:280,0
DA:281,0
DA:282,0
DA:285,0
DA:286,0
DA:287,0
DA:288,0
DA:289,0
DA:290,0
DA:291,0
DA:292,0
DA:293,0
DA:294,0
DA:295,0
DA:298,0
DA:299,0
DA:300,0
DA:301,0
DA:302,0
DA:303,0
DA:304,0
DA:305,0
DA:306,0
DA:307,0
DA:308,0
DA:311,0
DA:312,0
DA:313,0
DA:314,0
DA:315,0
DA:316,0
DA:317,0
DA:318,0
DA:319,0
DA:320,0
DA:321,0
DA:322,0
DA:323,0
DA:326,0
DA:329,0
DA:330,0
DA:331,0
DA:332,0
DA:333,0
DA:334,0
DA:335,0
DA:336,0
DA:337,0
DA:338,0
DA:343,0
DA:344,0
DA:345,0
DA:346,0
DA:347,0
DA:348,0
DA:349,0
DA:350,0
DA:351,0
DA:352,0
DA:353,0
DA:354,0
DA:357,0
DA:358,0
DA:359,0
DA:360,0
DA:361,0
DA:362,0
DA:363,0
DA:364,0
DA:365,0
DA:366,0
DA:394,0
DA:395,0
DA:396,0
DA:397,0
DA:398,0
DA:399,0
DA:400,0
DA:401,0
DA:402,0
DA:403,0
DA:404,0
DA:405,0
DA:408,0
DA:409,0
DA:410,0
DA:411,0
DA:412,0
DA:413,0
DA:414,0
DA:415,0
DA:416,0
DA:417,0
DA:420,0
DA:421,0
DA:422,0
DA:423,0
DA:424,0
DA:425,0
DA:426,0
DA:427,0
DA:428,0
DA:429,0
DA:434,0
DA:435,0
DA:436,0
DA:437,0
DA:438,0
DA:439,0
DA:440,0
DA:441,0
DA:442,0
DA:443,0
DA:444,0
DA:445,0
DA:448,0
DA:449,0
DA:450,0
DA:451,0
DA:452,0
DA:453,0
DA:454,0
DA:455,0
DA:456,0
DA:457,0
DA:460,0
DA:461,0
DA:462,0
DA:463,0
DA:464,0
DA:465,0
DA:466,0
DA:467,0
DA:468,0
DA:469,0
DA:472,0
DA:473,0
DA:474,0
DA:475,0
DA:476,0
DA:477,0
DA:478,0
DA:479,0
DA:480,0
DA:481,0
DA:484,0
DA:485,0
DA:486,0
DA:487,0
DA:488,0
DA:489,0
DA:490,0
DA:491,0
DA:492,0
DA:493,0
DA:496,0
DA:497,0
DA:498,0
DA:499,0
DA:500,0
DA:501,0
DA:502,0
DA:503,0
DA:504,0
DA:505,0
DA:508,0
DA:509,0
DA:510,0
DA:511,0
DA:512,0
DA:513,0
DA:514,0
DA:515,0
DA:516,0
DA:517,0
DA:522,0
DA:523,0
DA:524,0
DA:525,0
DA:526,0
DA:527,0
DA:528,0
DA:529,0
DA:530,0
DA:531,0
DA:532,0
DA:533,0
DA:535,0
DA:536,0
DA:537,0
DA:538,0
DA:539,0
DA:540,0
DA:541,0
DA:542,0
DA:543,0
DA:544,0
DA:546,0
DA:547,0
DA:548,0
DA:549,0
DA:550,0
DA:551,0
DA:552,0
DA:553,0
DA:554,0
DA:555,0
DA:560,0
DA:561,0
DA:562,0
DA:563,0
DA:564,0
DA:565,0
DA:566,0
DA:567,0
DA:568,0
DA:569,0
DA:570,0
DA:571,0
DA:574,0
DA:575,0
DA:576,0
DA:577,0
DA:578,0
DA:579,0
DA:580,0
DA:581,0
DA:582,0
DA:583,0
DA:588,0
DA:590,0
DA:591,0
DA:592,0
DA:593,0
DA:594,0
DA:595,0
DA:596,0
DA:597,0
DA:598,0
DA:599,0
DA:600,0
DA:601,0
DA:602,0
DA:603,0
DA:604,0
DA:605,0
DA:606,0
DA:611,0
LF:509
LH:0
BRDA:1,0,0,0
BRF:1
BRH:0
end_of_record
TN:
SF:src/pages/PlantDetails.jsx
FN:1,(empty-report)
FNF:1
FNH:0
FNDA:0,(empty-report)
DA:1,0
DA:2,0
DA:3,0
DA:4,0
DA:5,0
DA:6,0
DA:7,0
DA:8,0
DA:9,0
DA:10,0
DA:11,0
DA:12,0
DA:13,0
DA:15,0
DA:16,0
DA:17,0
DA:18,0
DA:20,0
DA:21,0
DA:22,0
DA:23,0
DA:24,0
DA:25,0
DA:26,0
DA:27,0
DA:29,0
DA:30,0
DA:31,0
DA:32,0
DA:33,0
DA:34,0
DA:35,0
DA:36,0
DA:37,0
DA:38,0
DA:39,0
DA:40,0
DA:41,0
DA:42,0
DA:43,0
DA:44,0
DA:45,0
DA:46,0
DA:47,0
DA:49,0
DA:50,0
DA:51,0
DA:52,0
DA:53,0
DA:54,0
DA:55,0
DA:56,0
DA:57,0
DA:58,0
DA:59,0
DA:60,0
DA:61,0
DA:63,0
DA:64,0
DA:65,0
DA:68,0
DA:69,0
DA:70,0
DA:71,0
DA:72,0
DA:73,0
DA:74,0
DA:75,0
DA:77,0
DA:78,0
DA:79,0
DA:80,0
DA:82,0
DA:83,0
DA:84,0
DA:85,0
DA:87,0
DA:88,0
DA:89,0
DA:90,0
DA:91,0
DA:92,0
DA:93,0
DA:94,0
DA:95,0
DA:96,0
DA:97,0
DA:99,0
DA:100,0
DA:101,0
DA:102,0
DA:103,0
DA:104,0
DA:105,0
DA:108,0
DA:109,0
DA:110,0
DA:111,0
DA:112,0
DA:115,0
DA:121,0
DA:122,0
DA:124,0
DA:125,0
DA:126,0
DA:127,0
DA:128,0
DA:129,0
DA:130,0
DA:131,0
DA:132,0
DA:133,0
DA:134,0
DA:135,0
DA:136,0
DA:137,0
DA:141,0
DA:142,0
DA:143,0
DA:144,0
DA:145,0
DA:146,0
DA:147,0
DA:149,0
DA:150,0
DA:151,0
DA:152,0
DA:153,0
DA:154,0
DA:155,0
DA:156,0
DA:157,0
DA:158,0
DA:159,0
DA:160,0
DA:161,0
DA:162,0
DA:165,0
DA:166,0
DA:167,0
DA:168,0
DA:169,0
DA:170,0
DA:172,0
DA:173,0
DA:174,0
DA:175,0
DA:176,0
DA:177,0
DA:178,0
DA:179,0
DA:180,0
DA:186,0
DA:191,0
DA:192,0
DA:193,0
DA:194,0
DA:195,0
DA:196,0
DA:197,0
DA:198,0
DA:199,0
DA:200,0
DA:204,0
LF:164
LH:0
BRDA:1,0,0,0
BRF:1
BRH:0
end_of_record
TN:
SF:src/pages/PlantEdit.jsx
FN:1,(empty-report)
FNF:1
FNH:0
FNDA:0,(empty-report)
DA:1,0
DA:2,0
DA:3,0
DA:4,0
DA:5,0
DA:6,0
DA:7,0
DA:9,0
DA:10,0
DA:11,0
DA:12,0
DA:13,0
DA:14,0
DA:16,0
DA:18,0
DA:19,0
DA:20,0
DA:22,0
DA:23,0
DA:24,0
DA:25,0
DA:26,0
DA:27,0
DA:28,0
DA:29,0
DA:30,0
DA:31,0
DA:32,0
DA:33,0
DA:34,0
DA:35,0
DA:36,0
DA:37,0
DA:38,0
DA:39,0
DA:40,0
DA:41,0
DA:43,0
DA:44,0
DA:45,0
DA:46,0
DA:48,0
DA:49,0
DA:50,0
DA:51,0
DA:52,0
DA:53,0
DA:54,0
DA:55,0
DA:56,0
DA:57,0
DA:58,0
DA:59,0
DA:60,0
DA:61,0
DA:62,0
DA:63,0
DA:64,0
DA:65,0
DA:66,0
DA:67,0
DA:68,0
DA:70,0
DA:71,0
DA:72,0
DA:73,0
DA:74,0
DA:75,0
DA:76,0
DA:77,0
DA:78,0
DA:79,0
DA:80,0
DA:81,0
DA:82,0
DA:83,0
DA:84,0
DA:86,0
DA:87,0
DA:88,0
DA:89,0
DA:91,0
DA:92,0
DA:93,0
DA:94,0
DA:95,0
DA:96,0
DA:97,0
DA:98,0
DA:99,0
DA:100,0
DA:101,0
DA:102,0
DA:103,0
DA:104,0
DA:105,0
DA:106,0
DA:107,0
DA:108,0
DA:109,0
DA:110,0
DA:111,0
DA:112,0
DA:113,0
DA:114,0
DA:115,0
DA:116,0
DA:117,0
DA:118,0
DA:119,0
DA:120,0
DA:121,0
DA:122,0
DA:123,0
DA:124,0
DA:126,0
DA:127,0
DA:128,0
DA:129,0
DA:131,0
DA:132,0
DA:133,0
DA:134,0
DA:135,0
DA:136,0
DA:137,0
DA:138,0
DA:139,0
DA:140,0
DA:142,0
DA:143,0
DA:144,0
DA:145,0
DA:146,0
DA:147,0
DA:148,0
DA:149,0
DA:150,0
DA:151,0
DA:152,0
DA:153,0
DA:154,0
DA:155,0
DA:156,0
DA:157,0
DA:158,0
DA:159,0
DA:160,0
DA:161,0
DA:162,0
DA:163,0
DA:164,0
DA:166,0
DA:167,0
DA:168,0
DA:169,0
DA:170,0
DA:173,0
DA:174,0
DA:176,0
DA:177,0
DA:178,0
DA:179,0
DA:180,0
DA:181,0
DA:184,0
DA:185,0
DA:186,0
DA:187,0
DA:188,0
DA:191,0
DA:192,0
DA:193,0
DA:196,0
DA:197,0
DA:198,0
DA:199,0
DA:200,0
DA:201,0
DA:204,0
DA:207,0
DA:208,0
DA:209,0
DA:212,0
DA:213,0
DA:214,0
DA:219,0
DA:220,0
DA:221,0
DA:222,0
DA:223,0
DA:226,0
DA:227,0
DA:228,0
DA:231,0
DA:232,0
DA:233,0
DA:236,0
DA:237,0
DA:238,0
DA:241,0
DA:242,0
DA:243,0
DA:246,0
DA:247,0
DA:248,0
DA:251,0
DA:252,0
DA:253,0
DA:256,0
DA:257,0
DA:258,0
DA:261,0
DA:262,0
DA:263,0
DA:268,0
DA:269,0
DA:270,0
DA:271,0
DA:272,0
DA:274,0
DA:275,0
DA:276,0
DA:278,0
DA:279,0
DA:280,0
DA:285,0
DA:286,0
DA:287,0
DA:293,0
LF:230
LH:0
BRDA:1,0,0,0
BRF:1
BRH:0
end_of_record
TN:
SF:src/pages/PlantsList.jsx
FN:19,PlantsList
FN:34,load
FN:65,handleView
FN:70,handleEdit
FN:76,handleDelete
FN:81,reorder
FN:88,persistOrder
FN:99,onDragStart
FN:103,onDragOver
FN:110,onDragEnd
FN:116,moveItem
FN:123,moveUp
FN:127,moveDown
FN:131,closeDialog
FN:136,confirmDelete
FN:180,onBack
FN:182,onCreate
FN:188,onRetry
FN:194,onClick
FN:253,onDragStart
FN:255,onDragOver
FN:290,onClick
FN:291,onClick
FN:292,onClick
FN:295,onClick
FN:303,onClick
FNF:26
FNH:20
FNDA:45,PlantsList
FNDA:12,load
FNDA:2,handleView
FNDA:2,handleEdit
FNDA:3,handleDelete
FNDA:3,reorder
FNDA:3,persistOrder
FNDA:2,onDragStart
FNDA:2,onDragOver
FNDA:2,onDragEnd
FNDA:1,moveItem
FNDA:1,moveUp
FNDA:0,moveDown
FNDA:3,closeDialog
FNDA:3,confirmDelete
FNDA:0,onBack
FNDA:0,onCreate
FNDA:0,onRetry
FNDA:0,onClick
FNDA:2,onDragStart
FNDA:2,onDragOver
FNDA:2,onClick
FNDA:2,onClick
FNDA:3,onClick
FNDA:1,onClick
FNDA:0,onClick
DA:1,1
DA:2,1
DA:3,1
DA:4,1
DA:5,1
DA:6,1
DA:7,1
DA:8,1
DA:9,1
DA:10,1
DA:11,1
DA:12,1
DA:13,1
DA:14,1
DA:15,1
DA:16,1
DA:17,1
DA:19,1
DA:20,45
DA:21,45
DA:22,45
DA:23,45
DA:24,45
DA:25,45
DA:26,45
DA:27,45
DA:28,45
DA:29,45
DA:30,45
DA:32,45
DA:33,12
DA:34,12
DA:35,12
DA:36,12
DA:37,12
DA:38,12
DA:39,1
DA:40,1
DA:41,1
DA:42,1
DA:43,12
DA:44,12
DA:45,12
DA:46,12
DA:47,12
DA:48,12
DA:49,12
DA:50,12
DA:51,45
DA:53,45
DA:54,15
DA:55,15
DA:56,1
DA:57,1
DA:58,1
DA:59,1
DA:60,1
DA:61,1
DA:62,1
DA:63,45
DA:65,45
DA:66,2
DA:67,1
DA:68,1
DA:70,45
DA:71,2
DA:72,2
DA:73,1
DA:74,1
DA:76,45
DA:77,3
DA:78,3
DA:79,3
DA:81,45
DA:82,3
DA:83,3
DA:84,3
DA:85,3
DA:86,3
DA:88,45
DA:89,3
DA:90,3
DA:91,3
DA:92,3
DA:93,3
DA:94,3
DA:95,1
DA:96,1
DA:97,3
DA:99,45
DA:100,2
DA:101,2
DA:103,45
DA:104,2
DA:105,2
DA:106,2
DA:107,2
DA:108,2
DA:110,45
DA:111,2
DA:112,2
DA:113,2
DA:114,2
DA:116,45
DA:117,1
DA:118,1
DA:119,1
DA:120,1
DA:121,1
DA:123,45
DA:124,1
DA:125,1
DA:127,45
DA:128,0
DA:129,0
DA:131,45
DA:132,3
DA:133,3
DA:134,3
DA:136,45
DA:137,3
DA:138,3
DA:139,3
DA:140,3
DA:141,3
DA:142,1
DA:143,1
DA:144,1
DA:145,2
DA:146,1
DA:147,1
DA:148,1
DA:149,3
DA:150,3
DA:151,3
DA:152,3
DA:154,45
DA:155,45
DA:156,30
DA:157,30
DA:159,2
DA:160,2
DA:161,2
DA:162,30
DA:164,30
DA:165,6
DA:166,6
DA:167,6
DA:168,6
DA:169,6
DA:170,6
DA:171,6
DA:172,6
DA:173,30
DA:174,45
DA:176,45
DA:177,45
DA:178,45
DA:179,45
DA:180,45
DA:181,45
DA:182,45
DA:185,45
DA:187,45
DA:188,45
DA:189,45
DA:191,45
DA:192,31
DA:193,2
DA:194,2
DA:197,31
DA:199,29
DA:200,29
DA:201,29
DA:202,29
DA:203,29
DA:204,29
DA:205,29
DA:207,29
DA:208,29
DA:212,29
DA:213,29
DA:214,29
DA:215,29
DA:216,29
DA:217,29
DA:219,29
DA:220,29
DA:221,29
DA:223,29
DA:224,29
DA:225,29
DA:227,29
DA:228,29
DA:229,29
DA:231,29
DA:232,29
DA:233,29
DA:235,29
DA:236,29
DA:237,29
DA:239,29
DA:240,29
DA:241,29
DA:245,29
DA:246,29
DA:247,155
DA:248,155
DA:249,155
DA:250,155
DA:251,155
DA:252,155
DA:253,155
DA:254,155
DA:255,155
DA:257,155
DA:258,155
DA:259,155
DA:260,155
DA:261,155
DA:262,155
DA:266,155
DA:267,155
DA:269,155
DA:270,155
DA:271,149
DA:272,149
DA:275,155
DA:278,155
DA:279,155
DA:280,149
DA:281,149
DA:284,155
DA:287,155
DA:288,155
DA:289,155
DA:290,155
DA:291,155
DA:292,155
DA:293,155
DA:294,155
DA:295,155
DA:296,155
DA:297,155
DA:298,155
DA:299,155
DA:300,155
DA:301,155
DA:302,155
DA:303,155
DA:304,155
DA:305,155
DA:306,155
DA:307,155
DA:308,155
DA:309,155
DA:310,155
DA:311,155
DA:312,155
DA:313,155
DA:314,155
DA:315,155
DA:318,155
DA:322,29
DA:324,45
DA:325,45
DA:326,45
DA:327,45
DA:328,45
DA:329,45
DA:330,45
DA:331,45
DA:332,45
DA:333,45
DA:337,45
LF:275
LH:273
BRDA:19,0,0,45
BRDA:188,1,0,1
BRDA:189,2,0,3
BRDA:191,3,0,32
BRDA:191,4,0,31
BRDA:192,5,0,2
BRDA:197,6,0,29
BRDA:208,7,0,10
BRDA:208,8,0,19
BRDA:326,9,0,5
BRDA:326,10,0,40
BRDA:32,11,0,12
BRDA:34,12,0,12
BRDA:36,13,0,11
BRDA:37,14,0,0
BRDA:38,15,0,1
BRDA:40,16,0,0
BRDA:42,17,0,0
BRDA:48,18,0,12
BRDA:53,19,0,15
BRDA:54,20,0,3
BRDA:55,21,0,1
BRDA:61,22,0,0
BRDA:56,23,0,1
BRDA:65,24,0,2
BRDA:66,25,0,1
BRDA:70,26,0,2
BRDA:72,27,0,1
BRDA:76,28,0,3
BRDA:81,29,0,3
BRDA:88,30,0,3
BRDA:91,31,0,0
BRDA:93,32,0,2
BRDA:94,33,0,1
BRDA:95,34,0,0
BRDA:90,35,0,9
BRDA:99,36,0,2
BRDA:103,37,0,2
BRDA:105,38,0,0
BRDA:106,39,0,2
BRDA:110,40,0,2
BRDA:111,41,0,0
BRDA:116,42,0,1
BRDA:117,43,0,0
BRDA:123,44,0,1
BRDA:131,45,0,3
BRDA:136,46,0,3
BRDA:137,47,0,0
BRDA:141,48,0,1
BRDA:144,49,0,2
BRDA:145,50,0,1
BRDA:148,51,0,0
BRDA:149,52,0,2
BRDA:146,53,0,1
BRDA:146,54,0,1
BRDA:155,55,0,30
BRDA:156,56,0,28
BRDA:157,57,0,28
BRDA:157,58,0,2
BRDA:164,59,0,6
BRDA:165,60,0,0
BRDA:246,61,0,155
BRDA:249,62,0,150
BRDA:249,63,0,150
BRDA:253,64,0,153
BRDA:253,65,0,2
BRDA:254,66,0,153
BRDA:254,67,0,2
BRDA:255,68,0,153
BRDA:255,69,0,2
BRDA:257,70,0,149
BRDA:257,71,0,6
BRDA:269,72,0,0
BRDA:269,73,0,149
BRDA:269,74,0,6
BRDA:270,75,0,149
BRDA:275,76,0,6
BRDA:278,77,0,149
BRDA:278,78,0,6
BRDA:279,79,0,149
BRDA:281,80,0,146
BRDA:284,81,0,6
BRDA:284,82,0,3
BRDA:287,83,0,149
BRDA:296,84,0,153
BRDA:304,85,0,153
BRDA:251,86,0,6
BRDA:253,87,0,2
BRDA:255,88,0,2
BRDA:290,89,0,2
BRDA:291,90,0,2
BRDA:292,91,0,3
BRDA:295,92,0,1
BRF:93
BRH:80
end_of_record
TN:
SF:src/pages/RepottingCreate.jsx
FN:1,(empty-report)
FNF:1
FNH:0
FNDA:0,(empty-report)
DA:1,0
DA:2,0
DA:3,0
DA:4,0
DA:5,0
DA:6,0
DA:7,0
DA:10,0
DA:11,0
DA:12,0
DA:13,0
DA:14,0
DA:15,0
DA:16,0
DA:18,0
DA:19,0
DA:20,0
DA:21,0
DA:22,0
DA:23,0
DA:24,0
DA:26,0
DA:28,0
DA:29,0
DA:30,0
DA:31,0
DA:32,0
DA:33,0
DA:34,0
DA:35,0
DA:36,0
DA:37,0
DA:38,0
DA:39,0
DA:40,0
DA:42,0
DA:43,0
DA:44,0
DA:45,0
DA:46,0
DA:47,0
DA:48,0
DA:49,0
DA:50,0
DA:51,0
DA:52,0
DA:53,0
DA:54,0
DA:55,0
DA:56,0
DA:57,0
DA:58,0
DA:59,0
DA:61,0
DA:62,0
DA:63,0
DA:65,0
DA:66,0
DA:68,0
DA:69,0
DA:70,0
DA:71,0
DA:72,0
DA:73,0
DA:74,0
DA:75,0
DA:76,0
DA:77,0
DA:78,0
DA:79,0
DA:80,0
DA:81,0
DA:82,0
DA:83,0
DA:84,0
DA:85,0
DA:86,0
DA:87,0
DA:88,0
DA:89,0
DA:90,0
DA:91,0
DA:93,0
DA:94,0
DA:95,0
DA:96,0
DA:97,0
DA:98,0
DA:100,0
DA:101,0
DA:102,0
DA:103,0
DA:104,0
DA:105,0
DA:106,0
DA:107,0
DA:108,0
DA:109,0
DA:110,0
DA:114,0
DA:115,0
DA:116,0
DA:119,0
DA:120,0
DA:121,0
DA:124,0
DA:125,0
DA:126,0
DA:129,0
DA:130,0
DA:131,0
DA:136,0
DA:138,0
LF:113
LH:0
BRDA:1,0,0,0
BRF:1
BRH:0
end_of_record
TN:
SF:src/pages/Settings.jsx
FN:5,Settings
FN:16,save
FN:57,onChange
FN:64,onChange
FN:72,onChange
FNF:5
FNH:5
FNDA:10,Settings
FNDA:1,save
FNDA:4,onChange
FNDA:2,onChange
FNDA:1,onChange
DA:1,1
DA:2,1
DA:3,1
DA:5,1
DA:6,10
DA:7,10
DA:8,10
DA:9,10
DA:11,10
DA:12,3
DA:13,3
DA:14,10
DA:16,10
DA:17,1
DA:18,1
DA:19,1
DA:20,1
DA:21,1
DA:22,1
DA:24,10
DA:25,4
DA:26,4
DA:27,4
DA:28,4
DA:29,4
DA:30,4
DA:31,4
DA:32,4
DA:33,4
DA:34,4
DA:35,4
DA:36,4
DA:37,4
DA:38,4
DA:39,4
DA:40,4
DA:41,4
DA:42,4
DA:43,10
DA:45,10
DA:46,10
DA:47,10
DA:48,10
DA:50,10
DA:51,10
DA:52,10
DA:53,10
DA:54,10
DA:55,10
DA:56,10
DA:57,10
DA:58,10
DA:59,10
DA:62,10
DA:63,10
DA:64,10
DA:65,10
DA:66,10
DA:67,10
DA:70,10
DA:71,10
DA:72,10
DA:73,10
DA:74,10
DA:77,10
DA:78,10
DA:79,10
DA:84,10
DA:86,1
DA:87,1
LF:70
LH:70
BRDA:5,0,0,10
BRDA:7,1,0,2
BRDA:7,2,0,0
BRDA:8,3,0,2
BRDA:8,4,0,0
BRDA:11,5,0,3
BRDA:13,6,0,3
BRDA:16,7,0,1
BRDA:24,8,0,4
BRDA:31,9,0,1
BRDA:31,10,0,3
BRDA:32,11,0,1
BRDA:32,12,0,3
BRDA:36,13,0,1
BRDA:36,14,0,3
BRDA:57,15,0,4
BRDA:64,16,0,2
BRDA:72,17,0,1
BRF:18
BRH:16
end_of_record
TN:
SF:src/pages/WateringCreate.jsx
FN:1,(empty-report)
FNF:1
FNH:0
FNDA:0,(empty-report)
DA:1,0
DA:2,0
DA:3,0
DA:4,0
DA:5,0
DA:6,0
DA:7,0
DA:8,0
DA:9,0
DA:10,0
DA:11,0
DA:13,0
DA:14,0
DA:15,0
DA:16,0
DA:17,0
DA:18,0
DA:19,0
DA:20,0
DA:22,0
DA:23,0
DA:24,0
DA:26,0
DA:27,0
DA:28,0
DA:29,0
DA:30,0
DA:31,0
DA:32,0
DA:34,0
DA:35,0
DA:36,0
DA:37,0
DA:38,0
DA:39,0
DA:40,0
DA:41,0
DA:42,0
DA:43,0
DA:44,0
DA:45,0
DA:46,0
DA:48,0
DA:49,0
DA:50,0
DA:52,0
DA:53,0
DA:54,0
DA:55,0
DA:56,0
DA:57,0
DA:58,0
DA:59,0
DA:60,0
DA:61,0
DA:62,0
DA:63,0
DA:64,0
DA:65,0
DA:66,0
DA:67,0
DA:68,0
DA:69,0
DA:70,0
DA:71,0
DA:72,0
DA:73,0
DA:74,0
DA:75,0
DA:77,0
DA:78,0
DA:79,0
DA:80,0
DA:81,0
DA:82,0
DA:83,0
DA:84,0
DA:85,0
DA:86,0
DA:87,0
DA:88,0
DA:89,0
DA:90,0
DA:91,0
DA:92,0
DA:93,0
DA:94,0
DA:95,0
DA:96,0
DA:97,0
DA:98,0
DA:99,0
DA:101,0
DA:102,0
DA:103,0
DA:104,0
DA:105,0
DA:106,0
DA:107,0
DA:108,0
DA:109,0
DA:110,0
DA:113,0
DA:114,0
DA:115,0
DA:116,0
DA:118,0
DA:119,0
DA:120,0
DA:125,0
LF:110
LH:0
BRDA:1,0,0,0
BRF:1
BRH:0
end_of_record
TN:
SF:src/utils/datetime.js
FN:4,parseAPIDate
FN:29,formatDateTime
FN:55,nowLocalISOMinutes
FN:57,pad
FN:67,toLocalISOMinutes
FN:70,pad
FNF:6
FNH:6
FNDA:301,parseAPIDate
FNDA:287,formatDateTime
FNDA:9,nowLocalISOMinutes
FNDA:36,pad
FNDA:5,toLocalISOMinutes
FNDA:8,pad
DA:1,1
DA:2,1
DA:3,1
DA:4,1
DA:5,301
DA:6,301
DA:7,301
DA:8,1
DA:9,1
DA:10,1
DA:11,301
DA:12,125
DA:13,301
DA:15,122
DA:16,122
DA:17,301
DA:18,115
DA:19,115
DA:20,115
DA:21,115
DA:22,115
DA:24,7
DA:25,7
DA:26,301
DA:27,301
DA:29,1
DA:30,287
DA:31,287
DA:32,287
DA:34,118
DA:35,287
DA:37,287
DA:38,287
DA:39,287
DA:40,287
DA:41,287
DA:42,287
DA:43,287
DA:44,287
DA:45,287
DA:46,287
DA:48,287
DA:49,287
DA:50,0
DA:51,0
DA:52,287
DA:54,1
DA:55,1
DA:56,9
DA:57,9
DA:58,9
DA:59,9
DA:60,9
DA:61,9
DA:62,9
DA:63,9
DA:64,9
DA:66,1
DA:67,1
DA:68,5
DA:69,5
DA:70,2
DA:71,2
DA:72,2
DA:73,2
DA:74,2
DA:75,2
DA:76,2
DA:77,2
LF:69
LH:67
BRDA:4,0,0,301
BRDA:5,1,0,168
BRDA:5,2,0,133
BRDA:6,3,0,4
BRDA:6,4,0,0
BRDA:6,5,0,129
BRDA:7,6,0,1
BRDA:9,7,0,0
BRDA:10,8,0,128
BRDA:11,9,0,3
BRDA:11,10,0,125
BRDA:13,11,0,293
BRDA:13,12,0,3
BRDA:13,13,0,122
BRDA:17,14,0,115
BRDA:17,15,0,115
BRDA:21,16,0,0
BRDA:22,17,0,22
BRDA:22,18,0,7
BRDA:26,19,0,3
BRDA:26,20,0,4
BRDA:29,21,0,287
BRDA:32,22,0,169
BRDA:32,23,0,165
BRDA:32,24,0,118
BRDA:35,25,0,115
BRDA:38,26,0,116
BRDA:38,27,0,2
BRDA:49,28,0,0
BRDA:55,29,0,9
BRDA:57,30,0,36
BRDA:67,31,0,5
BRDA:69,32,0,3
BRDA:69,33,0,2
BRDA:70,34,0,8
BRF:35
BRH:31
end_of_record
TN:
SF:src/utils/waterLoss.js
FN:3,waterLossCellStyle
FNF:1
FNH:1
FNDA:51,waterLossCellStyle
DA:1,1
DA:2,1
DA:3,1
DA:4,51
DA:5,1
DA:6,51
DA:7,2
DA:8,50
DA:9,12
DA:10,48
DA:11,2
DA:12,36
DA:13,3
DA:14,34
DA:15,31
DA:16,31
DA:17,51
LF:17
LH:17
BRDA:3,0,0,51
BRDA:4,1,0,1
BRDA:6,2,0,50
BRDA:6,3,0,2
BRDA:8,4,0,48
BRDA:8,5,0,12
BRDA:10,6,0,36
BRDA:10,7,0,2
BRDA:12,8,0,34
BRDA:12,9,0,3
BRDA:14,10,0,31
BRF:11
BRH:11
end_of_record
TN:
SF:src/utils/water_retained_colors.js
FN:13,getWaterRetainCellStyle
FN:53,getWaterLossCellStyle
FNF:2
FNH:2
FNDA:218,getWaterRetainCellStyle
FNDA:28,getWaterLossCellStyle
DA:1,1
DA:2,1
DA:3,1
DA:4,1
DA:5,1
DA:6,1
DA:8,1
DA:9,1
DA:10,1
DA:11,1
DA:12,1
DA:13,1
DA:14,218
DA:16,218
DA:17,218
DA:18,218
DA:21,0
DA:22,0
DA:23,0
DA:24,0
DA:25,0
DA:26,0
DA:27,0
DA:28,0
DA:29,0
DA:30,0
DA:31,0
DA:32,0
DA:33,0
DA:34,0
DA:35,0
DA:36,0
DA:37,0
DA:38,0
DA:39,0
DA:40,0
DA:41,0
DA:42,0
DA:43,0
DA:44,0
DA:45,0
DA:46,0
DA:47,0
DA:48,0
DA:49,0
DA:50,0
DA:51,0
DA:53,1
DA:54,28
DA:55,2
DA:56,28
DA:57,2
DA:58,26
DA:59,3
DA:60,24
DA:61,16
DA:62,21
DA:63,4
DA:64,5
DA:65,1
DA:66,1
DA:67,28
LF:62
LH:31
BRDA:13,0,0,218
BRDA:18,1,0,0
BRDA:53,2,0,28
BRDA:54,3,0,2
BRDA:56,4,0,26
BRDA:56,5,0,2
BRDA:58,6,0,24
BRDA:58,7,0,3
BRDA:60,8,0,21
BRDA:60,9,0,16
BRDA:62,10,0,5
BRDA:62,11,0,4
BRDA:64,12,0,1
BRF:13
BRH:12
end_of_record
