TN:
SF:src/App.jsx
FN:3,App
FNF:1
FNH:1
FNDA:4,App
DA:1,1
DA:3,1
DA:4,4
DA:6,4
DA:7,2
DA:8,2
DA:9,2
DA:10,2
DA:11,4
DA:13,4
DA:14,4
DA:15,4
DA:16,4
DA:17,4
DA:18,4
DA:20,4
DA:21,4
DA:22,4
DA:26,4
LF:19
LH:19
BRDA:3,0,0,4
BRDA:6,1,0,2
BRDA:8,2,0,1
BRDA:9,3,0,1
BRDA:10,4,0,1
BRF:5
BRH:5
end_of_record
TN:
SF:src/ThemeContext.jsx
FN:7,setTheme
FN:10,getSystemTheme
FN:15,ThemeProvider
FN:30,handler
FN:54,useTheme
FNF:5
FNH:5
FNDA:1,setTheme
FNDA:27,getSystemTheme
FNDA:36,ThemeProvider
FNDA:1,handler
FNDA:80,useTheme
DA:1,1
DA:3,1
DA:4,1
DA:5,1
DA:6,1
DA:7,1
DA:8,1
DA:10,27
DA:11,27
DA:12,27
DA:13,27
DA:15,1
DA:16,36
DA:17,36
DA:19,36
DA:20,28
DA:21,28
DA:22,28
DA:23,28
DA:24,36
DA:26,36
DA:27,26
DA:28,26
DA:29,6
DA:30,6
DA:31,7
DA:32,1
DA:33,6
DA:34,6
DA:35,1
DA:36,6
DA:37,36
DA:39,36
DA:41,36
DA:42,36
DA:43,29
DA:44,29
DA:45,29
DA:46,29
DA:47,29
DA:48,36
DA:50,36
DA:51,36
DA:52,36
DA:54,1
DA:55,80
DA:56,80
LF:47
LH:47
BRDA:7,0,0,1
BRDA:10,1,0,27
BRDA:11,2,0,20
BRDA:11,3,0,8
BRDA:11,4,0,7
BRDA:12,5,0,3
BRDA:12,6,0,4
BRDA:15,7,0,36
BRDA:39,8,0,5
BRDA:39,9,0,31
BRDA:16,10,0,26
BRDA:16,11,0,5
BRDA:17,12,0,26
BRDA:19,13,0,28
BRDA:23,14,0,1
BRDA:26,15,0,26
BRDA:28,16,0,20
BRDA:28,17,0,7
BRDA:28,18,0,6
BRDA:31,19,0,5
BRDA:31,20,0,1
BRDA:32,21,0,6
BRDA:30,22,0,1
BRDA:33,23,0,6
BRDA:34,24,0,5
BRDA:34,25,0,1
BRDA:42,26,0,29
BRDA:45,27,0,29
BRDA:50,28,0,29
BRDA:54,29,0,80
BRF:30
BRH:30
end_of_record
TN:
SF:src/main.jsx
FNF:0
FNH:0
DA:1,1
DA:2,1
DA:3,1
DA:4,1
DA:5,1
DA:6,1
DA:7,1
DA:8,1
DA:9,1
DA:10,1
DA:11,1
DA:12,1
DA:13,1
DA:14,1
DA:15,1
DA:16,1
DA:17,1
DA:18,1
DA:19,1
DA:20,1
DA:21,1
DA:23,1
DA:24,1
DA:25,1
DA:26,1
DA:27,1
DA:28,1
DA:29,1
DA:30,1
DA:31,1
DA:32,1
DA:33,1
DA:34,1
DA:35,1
DA:36,1
DA:37,1
DA:38,1
DA:39,1
DA:40,1
DA:41,1
DA:42,1
DA:43,1
LF:42
LH:42
BRF:0
BRH:0
end_of_record
TN:
SF:src/setupTests.js
FNF:0
FNH:0
DA:1,1
DA:2,1
DA:3,1
DA:4,1
DA:6,1
DA:7,1
DA:9,1
DA:10,1
DA:11,1
DA:13,1
DA:14,1
DA:15,1
DA:16,1
LF:13
LH:13
BRDA:14,0,0,1
BRDA:15,1,0,4
BRDA:16,2,0,1
BRF:3
BRH:3
end_of_record
TN:
SF:src/api/client.js
FN:7,ApiError
FN:16,sleep
FN:18,parseBody
FN:25,ApiClient
FN:27,ApiClient.getHeaders
FN:30,buildUrl
FN:37,request
FN:79,get
FN:80,post
FN:81,put
FN:82,delete
FNF:11
FNH:11
FNDA:32,ApiError
FNDA:5,sleep
FNDA:27,parseBody
FNDA:29,ApiClient
FNDA:36,ApiClient.getHeaders
FNDA:43,buildUrl
FNDA:32,request
FNDA:24,get
FNDA:3,post
FNDA:2,put
FNDA:1,delete
DA:1,1
DA:2,1
DA:4,1
DA:6,1
DA:7,1
DA:8,32
DA:9,32
DA:10,32
DA:11,32
DA:12,32
DA:13,32
DA:14,1
DA:16,5
DA:18,27
DA:19,27
DA:20,27
DA:21,27
DA:22,27
DA:24,1
DA:25,1
DA:26,29
DA:27,29
DA:28,29
DA:30,1
DA:31,43
DA:32,43
DA:33,43
DA:34,40
DA:35,43
DA:37,1
DA:38,32
DA:39,32
DA:40,32
DA:42,32
DA:43,37
DA:44,37
DA:45,37
DA:46,37
DA:47,37
DA:48,37
DA:49,37
DA:50,37
DA:51,37
DA:52,37
DA:53,37
DA:54,37
DA:56,27
DA:57,37
DA:58,9
DA:59,9
DA:60,9
DA:61,18
DA:62,37
DA:63,19
DA:64,18
DA:65,18
DA:66,19
DA:67,13
DA:68,13
DA:69,19
DA:70,5
DA:71,5
DA:72,5
DA:77,32
DA:79,1
DA:80,1
DA:81,1
DA:82,1
DA:83,1
DA:85,1
LF:70
LH:70
BRDA:7,0,0,32
BRDA:10,1,0,22
BRDA:11,2,0,24
BRDA:16,3,0,5
BRDA:16,4,0,5
BRDA:18,5,0,27
BRDA:20,6,0,9
BRDA:20,7,0,18
BRDA:21,8,0,3
BRDA:25,9,0,29
BRDA:27,10,0,1
BRDA:27,11,0,28
BRDA:27,12,0,36
BRDA:30,13,0,43
BRDA:31,14,0,2
BRDA:31,15,0,41
BRDA:32,16,0,1
BRDA:32,17,0,40
BRDA:33,18,0,2
BRDA:33,19,0,40
BRDA:37,20,0,32
BRDA:39,21,0,6
BRDA:39,22,0,26
BRDA:39,23,0,20
BRDA:39,24,0,6
BRDA:42,25,0,37
BRDA:43,26,0,5
BRDA:52,27,0,5
BRDA:52,28,0,1
BRDA:52,29,0,4
BRDA:52,30,0,32
BRDA:54,31,0,27
BRDA:57,32,0,9
BRDA:58,33,0,7
BRDA:58,34,0,6
BRDA:58,35,0,4
BRDA:58,36,0,5
BRDA:58,37,0,3
BRDA:58,38,0,4
BRDA:58,39,0,2
BRDA:58,40,0,2
BRDA:59,41,0,2
BRDA:60,42,0,18
BRDA:62,43,0,19
BRDA:63,44,0,1
BRDA:63,45,0,18
BRDA:66,46,0,17
BRDA:66,47,0,8
BRDA:66,48,0,13
BRDA:67,49,0,9
BRDA:67,50,0,4
BRDA:68,51,0,1
BRDA:69,52,0,5
BRDA:76,53,0,1
BRDA:79,54,0,24
BRDA:80,55,0,3
BRDA:81,56,0,2
BRDA:82,57,0,1
BRF:58
BRH:58
end_of_record
TN:
SF:src/api/daily.js
FN:4,list
FNF:1
FNH:1
FNDA:1,list
DA:1,1
DA:3,1
DA:4,1
DA:5,1
DA:6,1
DA:7,1
LF:6
LH:6
BRDA:4,0,0,1
BRF:1
BRH:1
end_of_record
TN:
SF:src/api/locations.js
FN:4,list
FN:7,create
FN:13,updateByName
FN:21,remove
FN:25,reorder
FNF:5
FNH:5
FNDA:1,list
FNDA:1,create
FNDA:3,updateByName
FNDA:3,remove
FNDA:1,reorder
DA:1,1
DA:3,1
DA:4,1
DA:5,1
DA:6,1
DA:7,1
DA:8,1
DA:9,1
DA:10,1
DA:11,1
DA:12,1
DA:13,1
DA:14,3
DA:15,1
DA:16,1
DA:17,1
DA:18,1
DA:19,1
DA:20,1
DA:21,1
DA:22,3
DA:23,1
DA:24,1
DA:25,1
DA:26,1
DA:27,1
DA:28,1
DA:29,1
DA:30,1
DA:31,1
LF:30
LH:30
BRDA:4,0,0,1
BRDA:7,1,0,1
BRDA:13,2,0,3
BRDA:14,3,0,2
BRDA:14,4,0,1
BRDA:21,5,0,3
BRDA:22,6,0,2
BRDA:22,7,0,1
BRDA:25,8,0,1
BRF:9
BRH:9
end_of_record
TN:
SF:src/api/measurements.js
FN:4,listByPlant
FN:8,getById
FN:12,delete
FN:17,create
FN:23,update
FN:32,create
FN:38,update
FN:47,get
FN:52,create
FN:58,update
FNF:10
FNH:10
FNDA:3,listByPlant
FNDA:2,getById
FNDA:2,delete
FNDA:1,create
FNDA:2,update
FNDA:1,create
FNDA:2,update
FNDA:2,get
FNDA:1,create
FNDA:2,update
DA:1,1
DA:3,1
DA:4,1
DA:5,3
DA:6,1
DA:7,1
DA:8,1
DA:9,2
DA:10,1
DA:11,1
DA:12,1
DA:13,2
DA:14,1
DA:15,1
DA:16,1
DA:17,1
DA:18,1
DA:19,1
DA:20,1
DA:21,1
DA:22,1
DA:23,1
DA:24,2
DA:25,1
DA:26,1
DA:27,1
DA:28,1
DA:29,1
DA:30,1
DA:31,1
DA:32,1
DA:33,1
DA:34,1
DA:35,1
DA:36,1
DA:37,1
DA:38,1
DA:39,2
DA:40,1
DA:41,1
DA:42,1
DA:43,1
DA:44,1
DA:45,1
DA:46,1
DA:47,1
DA:48,2
DA:49,1
DA:50,1
DA:51,1
DA:52,1
DA:53,1
DA:54,1
DA:55,1
DA:56,1
DA:57,1
DA:58,1
DA:59,2
DA:60,1
DA:61,1
DA:62,1
DA:63,1
DA:64,1
DA:65,1
DA:66,1
LF:65
LH:65
BRDA:4,0,0,3
BRDA:5,1,0,2
BRDA:5,2,0,1
BRDA:8,3,0,2
BRDA:9,4,0,1
BRDA:12,5,0,2
BRDA:13,6,0,1
BRDA:17,7,0,1
BRDA:23,8,0,2
BRDA:24,9,0,1
BRDA:32,10,0,1
BRDA:38,11,0,2
BRDA:39,12,0,1
BRDA:47,13,0,2
BRDA:48,14,0,1
BRDA:52,15,0,1
BRDA:58,16,0,2
BRDA:59,17,0,1
BRF:18
BRH:18
end_of_record
TN:
SF:src/api/plants.js
FN:4,list
FN:7,getByUuid
FN:11,create
FN:17,update
FN:24,reorder
FN:30,remove
FNF:6
FNH:6
FNDA:8,list
FNDA:3,getByUuid
FNDA:1,create
FNDA:3,update
FNDA:1,reorder
FNDA:3,remove
DA:1,1
DA:3,1
DA:4,1
DA:5,8
DA:6,1
DA:7,1
DA:8,3
DA:9,1
DA:10,1
DA:11,1
DA:12,1
DA:13,1
DA:14,1
DA:15,1
DA:16,1
DA:17,1
DA:18,3
DA:19,1
DA:20,1
DA:21,1
DA:22,1
DA:23,1
DA:24,1
DA:25,1
DA:26,1
DA:27,1
DA:28,1
DA:29,1
DA:30,1
DA:31,3
DA:32,1
DA:33,1
DA:34,1
LF:33
LH:33
BRDA:4,0,0,8
BRDA:7,1,0,3
BRDA:8,2,0,2
BRDA:8,3,0,1
BRDA:11,4,0,1
BRDA:17,5,0,3
BRDA:18,6,0,2
BRDA:18,7,0,1
BRDA:24,8,0,1
BRDA:30,9,0,3
BRDA:31,10,0,2
BRDA:31,11,0,1
BRF:12
BRH:12
end_of_record
TN:
SF:src/components/Badge.jsx
FN:3,Badge
FNF:1
FNH:1
FNDA:24,Badge
DA:1,1
DA:3,1
DA:4,24
DA:5,24
DA:6,24
DA:7,24
DA:8,24
DA:9,24
DA:10,24
DA:11,24
DA:12,24
DA:13,24
DA:14,24
DA:15,24
DA:16,24
DA:17,24
DA:18,24
DA:19,24
DA:20,24
DA:21,24
DA:22,24
DA:23,24
DA:24,24
DA:25,24
DA:28,24
LF:25
LH:25
BRDA:3,0,0,24
BRDA:10,1,0,1
BRF:2
BRH:2
end_of_record
TN:
SF:src/components/BulkMeasurementTable.jsx
FN:6,BulkMeasurementTable
FN:74,onBlur
FN:77,onChange
FN:97,onClick
FN:110,onClick
FN:124,onClick
FNF:6
FNH:6
FNDA:19,BulkMeasurementTable
FNDA:3,onBlur
FNDA:2,onChange
FNDA:1,onClick
FNDA:1,onClick
FNDA:1,onClick
DA:1,1
DA:2,1
DA:3,1
DA:4,1
DA:6,1
DA:7,19
DA:8,19
DA:9,19
DA:10,19
DA:11,19
DA:12,19
DA:13,19
DA:14,19
DA:15,19
DA:16,19
DA:17,19
DA:18,19
DA:19,19
DA:20,19
DA:21,19
DA:22,19
DA:23,19
DA:24,19
DA:25,19
DA:26,19
DA:27,19
DA:28,19
DA:29,19
DA:32,19
DA:33,19
DA:34,19
DA:36,19
DA:37,19
DA:38,19
DA:40,19
DA:41,19
DA:42,19
DA:44,19
DA:45,19
DA:46,19
DA:48,19
DA:49,19
DA:50,19
DA:52,19
DA:53,19
DA:54,19
DA:55,19
DA:60,19
DA:61,19
DA:62,19
DA:63,19
DA:64,19
DA:65,19
DA:66,19
DA:67,19
DA:68,19
DA:69,19
DA:70,19
DA:71,19
DA:72,19
DA:73,19
DA:74,19
DA:75,3
DA:76,3
DA:77,19
DA:78,2
DA:79,2
DA:81,19
DA:82,19
DA:83,19
DA:84,19
DA:90,19
DA:91,19
DA:93,19
DA:94,19
DA:95,13
DA:96,13
DA:97,13
DA:98,13
DA:100,13
DA:103,19
DA:106,19
DA:107,19
DA:108,13
DA:109,13
DA:110,13
DA:111,13
DA:113,13
DA:116,19
DA:119,19
DA:120,19
DA:121,19
DA:122,13
DA:123,13
DA:124,13
DA:125,13
DA:127,13
DA:130,19
DA:133,19
DA:134,19
DA:135,19
DA:139,19
DA:140,19
DA:141,19
DA:142,19
DA:149,19
LF:106
LH:106
BRDA:6,0,0,19
BRDA:20,1,0,17
BRDA:142,2,0,1
BRDA:142,3,0,1
BRDA:61,4,0,19
BRDA:65,5,0,1
BRDA:65,6,0,18
BRDA:67,7,0,1
BRDA:67,8,0,18
BRDA:72,9,0,1
BRDA:72,10,0,18
BRDA:72,11,0,1
BRDA:72,12,0,18
BRDA:93,13,0,13
BRDA:93,14,0,6
BRDA:94,15,0,13
BRDA:100,16,0,12
BRDA:100,17,0,1
BRDA:103,18,0,6
BRDA:103,19,0,2
BRDA:103,20,0,4
BRDA:103,21,0,1
BRDA:106,22,0,13
BRDA:106,23,0,6
BRDA:107,24,0,13
BRDA:113,25,0,1
BRDA:116,26,0,6
BRDA:116,27,0,2
BRDA:119,28,0,1
BRDA:120,29,0,13
BRDA:120,30,0,6
BRDA:121,31,0,13
BRDA:130,32,0,6
BRDA:135,33,0,1
BRDA:67,34,0,6
BRDA:74,35,0,3
BRDA:75,36,0,2
BRDA:75,37,0,1
BRDA:77,38,0,2
BRDA:97,39,0,1
BRDA:110,40,0,1
BRDA:124,41,0,1
BRF:42
BRH:42
end_of_record
TN:
SF:src/components/ConfirmDialog.jsx
FN:4,ConfirmDialog
FN:24,onKey
FN:179,onClick
FN:205,onClick
FNF:4
FNH:4
FNDA:29,ConfirmDialog
FNDA:5,onKey
FNDA:2,onClick
FNDA:4,onClick
DA:1,1
DA:2,1
DA:4,1
DA:5,29
DA:6,29
DA:7,29
DA:8,29
DA:9,29
DA:10,29
DA:11,29
DA:12,29
DA:13,29
DA:14,29
DA:15,29
DA:16,29
DA:17,29
DA:18,29
DA:19,29
DA:20,29
DA:21,29
DA:23,29
DA:24,22
DA:25,5
DA:26,3
DA:27,1
DA:28,1
DA:29,1
DA:30,5
DA:31,22
DA:32,22
DA:33,29
DA:35,29
DA:36,16
DA:37,10
DA:38,10
DA:39,29
DA:41,29
DA:43,18
DA:44,18
DA:45,29
DA:46,29
DA:47,29
DA:48,29
DA:49,29
DA:50,29
DA:51,29
DA:52,29
DA:53,29
DA:54,29
DA:55,29
DA:56,29
DA:57,29
DA:58,29
DA:59,29
DA:60,29
DA:61,29
DA:62,29
DA:63,29
DA:64,29
DA:65,29
DA:66,29
DA:68,29
DA:69,29
DA:70,29
DA:71,29
DA:72,29
DA:73,29
DA:74,29
DA:75,29
DA:77,29
DA:78,29
DA:79,29
DA:80,29
DA:81,29
DA:82,29
DA:83,29
DA:86,29
DA:87,29
DA:88,29
DA:89,29
DA:90,29
DA:93,29
DA:94,29
DA:95,29
DA:96,29
DA:97,29
DA:98,29
DA:101,29
DA:102,29
DA:103,29
DA:104,29
DA:105,29
DA:108,29
DA:109,29
DA:110,29
DA:111,29
DA:112,29
DA:113,29
DA:116,29
DA:118,29
DA:119,29
DA:120,29
DA:122,29
DA:123,29
DA:124,29
DA:125,29
DA:126,29
DA:127,29
DA:128,29
DA:129,29
DA:130,29
DA:131,29
DA:132,29
DA:133,29
DA:134,29
DA:135,29
DA:137,29
DA:142,29
DA:143,29
DA:144,29
DA:145,29
DA:146,29
DA:147,29
DA:148,29
DA:149,29
DA:150,29
DA:152,29
DA:153,29
DA:154,29
DA:155,29
DA:156,29
DA:158,29
DA:159,29
DA:160,29
DA:161,29
DA:162,29
DA:164,29
DA:165,29
DA:166,29
DA:167,29
DA:168,29
DA:169,29
DA:171,29
DA:173,29
DA:174,29
DA:175,29
DA:176,29
DA:177,29
DA:178,29
DA:179,29
DA:180,2
DA:181,2
DA:182,29
DA:183,29
DA:184,29
DA:185,29
DA:186,29
DA:187,29
DA:188,29
DA:189,29
DA:190,29
DA:191,29
DA:192,29
DA:194,29
DA:195,29
DA:196,29
DA:197,29
DA:198,29
DA:199,29
DA:200,29
DA:201,29
DA:202,29
DA:203,29
DA:204,29
DA:205,29
DA:207,29
DA:208,29
DA:209,29
DA:210,29
DA:212,29
DA:213,29
DA:214,29
DA:215,29
DA:216,29
DA:217,29
DA:218,29
DA:219,29
DA:221,29
DA:228,29
LF:189
LH:189
BRDA:4,0,0,29
BRDA:41,1,0,11
BRDA:41,2,0,19
BRDA:41,3,0,18
BRDA:45,4,0,2
BRDA:45,5,0,16
BRDA:46,6,0,2
BRDA:46,7,0,16
BRDA:47,8,0,2
BRDA:47,9,0,16
BRDA:48,10,0,2
BRDA:48,11,0,16
BRDA:49,12,0,2
BRDA:49,13,0,16
BRDA:50,14,0,2
BRDA:50,15,0,16
BRDA:51,16,0,2
BRDA:51,17,0,16
BRDA:52,18,0,2
BRDA:52,19,0,16
BRDA:53,20,0,2
BRDA:53,21,0,16
BRDA:54,22,0,2
BRDA:54,23,0,16
BRDA:57,24,0,2
BRDA:57,25,0,16
BRDA:58,26,0,2
BRDA:58,27,0,16
BRDA:59,28,0,2
BRDA:59,29,0,16
BRDA:60,30,0,2
BRDA:60,31,0,16
BRDA:61,32,0,2
BRDA:61,33,0,16
BRDA:62,34,0,2
BRDA:62,35,0,16
BRDA:63,36,0,2
BRDA:63,37,0,16
BRDA:64,38,0,2
BRDA:64,39,0,16
BRDA:65,40,0,2
BRDA:65,41,0,16
BRDA:68,42,0,1
BRDA:118,43,0,1
BRDA:119,44,0,16
BRDA:119,45,0,11
BRDA:119,46,0,5
BRDA:119,47,0,1
BRDA:119,48,0,4
BRDA:119,49,0,1
BRDA:119,50,0,3
BRDA:119,51,0,1
BRDA:119,52,0,2
BRDA:120,53,0,1
BRDA:149,54,0,2
BRDA:149,55,0,16
BRDA:168,56,0,13
BRDA:168,57,0,5
BRDA:171,58,0,2
BRDA:171,59,0,1
BRDA:171,60,0,17
BRDA:202,61,0,2
BRDA:202,62,0,16
BRDA:23,63,0,22
BRDA:24,64,0,5
BRDA:25,65,0,3
BRDA:25,66,0,2
BRDA:26,67,0,1
BRDA:32,68,0,22
BRDA:35,69,0,16
BRDA:36,70,0,11
BRDA:36,71,0,10
BRDA:37,72,0,1
BRDA:179,73,0,2
BRDA:180,74,0,1
BRDA:205,75,0,4
BRF:76
BRH:76
end_of_record
TN:
SF:src/components/DashboardLayout.jsx
FN:5,DashboardLayout
FNF:1
FNH:1
FNDA:16,DashboardLayout
DA:1,1
DA:2,1
DA:3,1
DA:5,1
DA:6,16
DA:8,16
DA:9,16
DA:11,16
DA:12,16
DA:13,16
DA:14,16
DA:15,16
DA:16,16
DA:17,16
DA:19,16
DA:20,16
DA:22,16
DA:23,16
DA:24,16
DA:25,16
DA:26,80
DA:27,80
DA:28,80
DA:29,80
DA:30,80
DA:31,80
DA:33,80
DA:36,80
DA:38,16
DA:39,16
DA:46,16
DA:49,16
LF:32
LH:32
BRDA:5,0,0,16
BRDA:25,1,0,80
BRDA:31,2,0,0
BRF:3
BRH:2
end_of_record
TN:
SF:src/components/DateTimeText.jsx
FN:9,DateTimeText
FNF:1
FNH:1
FNDA:11,DateTimeText
DA:1,1
DA:2,1
DA:4,1
DA:5,1
DA:6,1
DA:7,1
DA:8,1
DA:9,1
DA:10,11
DA:11,11
DA:12,11
DA:13,11
DA:14,11
DA:15,11
DA:18,11
LF:15
LH:15
BRDA:9,0,0,11
BRDA:11,1,0,6
BRDA:11,2,0,6
BRDA:12,3,0,0
BRDA:12,4,0,6
BRDA:12,5,0,5
BRDA:15,6,0,5
BRDA:15,7,0,6
BRF:8
BRH:7
end_of_record
TN:
SF:src/components/IconButton.jsx
FN:53,IconButton
FN:107,onMouseOver
FN:108,onMouseOut
FNF:3
FNH:1
FNDA:42,IconButton
FNDA:0,onMouseOver
FNDA:0,onMouseOut
DA:1,1
DA:2,1
DA:4,1
DA:5,1
DA:6,1
DA:7,1
DA:8,1
DA:9,1
DA:12,1
DA:13,1
DA:14,1
DA:15,1
DA:16,1
DA:19,1
DA:20,1
DA:21,1
DA:22,1
DA:23,1
DA:24,1
DA:25,1
DA:26,1
DA:29,1
DA:30,1
DA:31,1
DA:32,1
DA:33,1
DA:34,1
DA:37,1
DA:38,1
DA:39,1
DA:40,1
DA:43,1
DA:44,1
DA:45,1
DA:46,1
DA:47,1
DA:48,1
DA:51,1
DA:53,1
DA:54,42
DA:55,42
DA:57,42
DA:58,42
DA:59,42
DA:60,42
DA:61,42
DA:62,42
DA:63,42
DA:64,42
DA:65,42
DA:66,42
DA:67,42
DA:68,42
DA:69,42
DA:71,42
DA:72,42
DA:73,42
DA:74,42
DA:75,42
DA:76,42
DA:77,42
DA:78,42
DA:79,42
DA:80,42
DA:81,42
DA:82,42
DA:83,42
DA:84,42
DA:85,42
DA:86,42
DA:87,42
DA:88,42
DA:89,42
DA:90,42
DA:92,42
DA:93,0
DA:94,42
DA:95,42
DA:96,42
DA:98,42
DA:100,42
DA:101,42
DA:102,42
DA:103,42
DA:104,42
DA:105,42
DA:106,42
DA:107,42
DA:108,42
DA:110,42
DA:113,42
LF:91
LH:90
BRDA:53,0,0,42
BRDA:65,1,0,0
BRDA:66,2,0,0
BRDA:77,3,0,0
BRDA:78,4,0,0
BRDA:81,5,0,0
BRDA:82,6,0,0
BRDA:83,7,0,0
BRDA:86,8,0,0
BRDA:87,9,0,0
BRDA:88,10,0,0
BRDA:92,11,0,0
BRDA:98,12,0,0
BRDA:105,13,0,0
BRDA:106,14,0,0
BRDA:106,15,0,0
BRF:16
BRH:1
end_of_record
TN:
SF:src/components/PageHeader.jsx
FN:3,PageHeader
FNF:1
FNH:1
FNDA:16,PageHeader
DA:1,1
DA:3,1
DA:4,16
DA:5,16
DA:6,16
DA:7,16
DA:8,16
DA:9,16
DA:10,16
DA:13,16
DA:14,16
DA:18,16
DA:19,16
DA:23,16
DA:27,16
DA:29,1
LF:16
LH:16
BRDA:3,0,0,16
BRF:1
BRH:1
end_of_record
TN:
SF:src/components/QuickCreateButtons.jsx
FN:5,QuickCreateButtons
FN:10,openPlant
FN:16,onClick
FN:17,onClick
FN:18,onClick
FNF:5
FNH:1
FNDA:7,QuickCreateButtons
FNDA:0,openPlant
FNDA:0,onClick
FNDA:0,onClick
FNDA:0,onClick
DA:1,1
DA:2,1
DA:3,1
DA:5,1
DA:6,7
DA:7,7
DA:8,7
DA:10,7
DA:11,0
DA:12,0
DA:14,7
DA:15,7
DA:16,7
DA:17,7
DA:18,7
DA:21,7
LF:16
LH:14
BRDA:5,0,0,7
BRDA:8,1,0,0
BRDA:16,2,0,0
BRDA:17,3,0,0
BRDA:18,4,0,0
BRF:5
BRH:1
end_of_record
TN:
SF:src/components/SearchField.jsx
FN:3,SearchField
FN:35,onChange
FN:43,onClick
FNF:3
FNH:2
FNDA:4,SearchField
FNDA:2,onChange
FNDA:0,onClick
DA:1,1
DA:3,1
DA:4,4
DA:5,4
DA:6,4
DA:7,4
DA:8,4
DA:9,4
DA:10,4
DA:11,4
DA:12,4
DA:13,4
DA:14,4
DA:15,4
DA:16,4
DA:17,4
DA:18,4
DA:19,4
DA:20,4
DA:21,4
DA:22,4
DA:23,4
DA:24,4
DA:25,4
DA:26,4
DA:27,4
DA:29,4
DA:30,4
DA:31,4
DA:32,4
DA:33,4
DA:34,4
DA:35,4
DA:36,4
DA:37,4
DA:38,4
DA:39,4
DA:41,4
DA:42,4
DA:43,4
DA:44,4
DA:45,4
DA:46,4
DA:47,4
DA:48,4
DA:53,4
LF:46
LH:46
BRDA:3,0,0,4
BRDA:25,1,0,2
BRDA:25,2,0,2
BRDA:35,3,0,2
BRF:4
BRH:4
end_of_record
TN:
SF:src/components/StatusIcon.jsx
FN:7,StatusIcon
FNF:1
FNH:1
FNDA:4,StatusIcon
DA:1,1
DA:2,1
DA:4,1
DA:5,1
DA:6,1
DA:7,1
DA:8,4
DA:9,4
DA:11,4
DA:12,4
DA:13,4
DA:14,4
DA:16,4
DA:17,4
DA:18,4
DA:20,4
DA:21,4
DA:22,4
DA:23,4
DA:24,4
DA:25,4
DA:26,4
DA:27,4
DA:28,4
DA:29,4
DA:30,4
DA:31,4
DA:33,4
DA:35,4
DA:36,4
DA:37,4
DA:38,2
DA:39,2
DA:40,2
DA:43,2
DA:44,4
DA:45,4
DA:50,4
LF:38
LH:38
BRDA:7,0,0,4
BRDA:12,1,0,2
BRDA:13,2,0,0
BRDA:14,3,0,2
BRDA:14,4,0,0
BRDA:16,5,0,0
BRDA:18,6,0,0
BRDA:27,7,0,3
BRDA:27,8,0,1
BRDA:28,9,0,3
BRDA:28,10,0,1
BRDA:29,11,0,0
BRDA:30,12,0,0
BRDA:33,13,0,2
BRDA:33,14,0,1
BRDA:33,15,0,1
BRDA:33,16,0,2
BRDA:33,17,0,0
BRDA:37,18,0,2
BRF:19
BRH:12
end_of_record
TN:
SF:src/components/feedback/EmptyState.jsx
FN:11,EmptyState
FNF:1
FNH:1
FNDA:2,EmptyState
DA:1,1
DA:3,1
DA:10,1
DA:11,1
DA:12,2
DA:13,2
DA:14,2
DA:15,2
DA:16,2
DA:17,2
DA:18,2
DA:19,2
DA:20,2
DA:21,2
DA:22,2
DA:23,2
DA:24,2
DA:27,2
LF:18
LH:18
BRDA:11,0,0,2
BRDA:12,1,0,0
BRDA:12,2,0,0
BRDA:22,3,0,0
BRDA:23,4,0,1
BRDA:23,5,0,1
BRF:6
BRH:3
end_of_record
TN:
SF:src/components/feedback/ErrorNotice.jsx
FN:11,ErrorNotice
FNF:1
FNH:1
FNDA:2,ErrorNotice
DA:1,1
DA:3,1
DA:10,1
DA:11,1
DA:12,2
DA:13,2
DA:14,2
DA:15,2
DA:16,2
DA:17,2
DA:18,2
DA:19,2
DA:20,2
DA:21,2
DA:22,2
DA:23,2
DA:24,2
DA:25,2
DA:26,2
DA:27,2
DA:28,2
DA:34,2
LF:22
LH:22
BRDA:11,0,0,2
BRDA:12,1,0,0
BRDA:14,2,0,0
BRF:3
BRH:1
end_of_record
TN:
SF:src/components/feedback/Loader.jsx
FN:10,Loader
FNF:1
FNH:1
FNDA:7,Loader
DA:1,1
DA:3,1
DA:9,1
DA:10,1
DA:11,7
DA:12,7
DA:13,7
DA:14,7
DA:15,7
DA:16,7
DA:17,7
DA:18,7
DA:19,7
DA:20,7
DA:21,7
DA:22,7
DA:23,7
DA:24,7
DA:25,7
DA:26,7
DA:27,7
DA:28,7
DA:29,7
DA:32,7
LF:24
LH:24
BRDA:10,0,0,7
BRDA:12,1,0,0
BRF:2
BRH:1
end_of_record
TN:
SF:src/components/form/useForm.js
FN:1,(empty-report)
FNF:1
FNH:0
FNDA:0,(empty-report)
DA:1,0
DA:3,0
DA:4,0
DA:5,0
DA:6,0
DA:7,0
DA:8,0
DA:9,0
DA:11,0
DA:12,0
DA:13,0
DA:14,0
DA:15,0
DA:16,0
DA:17,0
DA:18,0
DA:20,0
DA:21,0
DA:22,0
DA:23,0
DA:24,0
DA:25,0
DA:26,0
DA:27,0
DA:29,0
DA:30,0
DA:31,0
DA:32,0
DA:33,0
DA:34,0
DA:35,0
DA:37,0
DA:38,0
DA:39,0
DA:40,0
DA:41,0
DA:42,0
DA:43,0
DA:44,0
DA:46,0
DA:47,0
DA:48,0
DA:49,0
DA:50,0
DA:51,0
DA:53,0
DA:54,0
DA:55,0
DA:57,0
DA:58,0
DA:59,0
DA:61,0
DA:62,0
DA:63,0
DA:64,0
DA:65,0
DA:66,0
DA:67,0
DA:68,0
DA:69,0
DA:70,0
DA:71,0
DA:72,0
DA:73,0
DA:74,0
DA:75,0
DA:76,0
DA:77,0
DA:78,0
DA:79,0
DA:80,0
DA:81,0
DA:82,0
DA:83,0
DA:84,0
DA:85,0
DA:87,0
DA:88,0
DA:89,0
DA:90,0
DA:91,0
DA:92,0
DA:93,0
DA:94,0
DA:95,0
DA:97,0
DA:98,0
DA:99,0
DA:100,0
DA:101,0
DA:102,0
DA:103,0
DA:104,0
DA:105,0
DA:107,0
DA:108,0
DA:109,0
DA:110,0
DA:111,0
DA:112,0
DA:113,0
DA:114,0
DA:115,0
DA:117,0
DA:119,0
DA:120,0
DA:121,0
DA:122,0
DA:123,0
DA:124,0
DA:125,0
DA:126,0
DA:127,0
DA:128,0
DA:129,0
DA:130,0
DA:131,0
LF:117
LH:0
BRDA:1,0,0,0
BRF:1
BRH:0
end_of_record
TN:
SF:src/components/form/fields/Checkbox.jsx
FN:1,(empty-report)
FNF:1
FNH:0
FNDA:0,(empty-report)
DA:1,0
DA:2,0
DA:4,0
DA:5,0
DA:6,0
DA:7,0
DA:8,0
DA:10,0
DA:11,0
DA:13,0
DA:14,0
DA:15,0
DA:16,0
DA:17,0
DA:18,0
DA:19,0
DA:20,0
DA:21,0
DA:22,0
DA:23,0
DA:24,0
DA:26,0
DA:28,0
DA:31,0
LF:24
LH:0
BRDA:1,0,0,0
BRF:1
BRH:0
end_of_record
TN:
SF:src/components/form/fields/DateTimeLocal.jsx
FN:1,(empty-report)
FNF:1
FNH:0
FNDA:0,(empty-report)
DA:1,0
DA:2,0
DA:4,0
DA:5,0
DA:6,0
DA:7,0
DA:8,0
DA:10,0
DA:11,0
DA:12,0
DA:13,0
DA:14,0
DA:15,0
DA:16,0
DA:18,0
DA:19,0
DA:20,0
DA:21,0
DA:22,0
DA:25,0
LF:20
LH:0
BRDA:1,0,0,0
BRF:1
BRH:0
end_of_record
TN:
SF:src/components/form/fields/NumberInput.jsx
FN:1,(empty-report)
FNF:1
FNH:0
FNDA:0,(empty-report)
DA:1,0
DA:2,0
DA:4,0
DA:5,0
DA:6,0
DA:7,0
DA:8,0
DA:10,0
DA:11,0
DA:12,0
DA:13,0
DA:14,0
DA:15,0
DA:16,0
DA:18,0
DA:19,0
DA:20,0
DA:21,0
DA:22,0
DA:25,0
LF:20
LH:0
BRDA:1,0,0,0
BRF:1
BRH:0
end_of_record
TN:
SF:src/components/form/fields/Select.jsx
FN:1,(empty-report)
FNF:1
FNH:0
FNDA:0,(empty-report)
DA:1,0
DA:2,0
DA:4,0
DA:5,0
DA:6,0
DA:7,0
DA:8,0
DA:10,0
DA:11,0
DA:12,0
DA:13,0
DA:14,0
DA:15,0
DA:16,0
DA:18,0
DA:19,0
DA:20,0
DA:21,0
DA:22,0
DA:24,0
DA:27,0
LF:21
LH:0
BRDA:1,0,0,0
BRF:1
BRH:0
end_of_record
TN:
SF:src/components/form/fields/TextInput.jsx
FN:1,(empty-report)
FNF:1
FNH:0
FNDA:0,(empty-report)
DA:1,0
DA:2,0
DA:4,0
DA:5,0
DA:6,0
DA:7,0
DA:8,0
DA:10,0
DA:11,0
DA:12,0
DA:13,0
DA:14,0
DA:15,0
DA:16,0
DA:18,0
DA:19,0
DA:20,0
DA:21,0
DA:22,0
DA:25,0
LF:20
LH:0
BRDA:1,0,0,0
BRF:1
BRH:0
end_of_record
TN:
SF:src/hooks/useDocumentTitle.js
FN:16,useDocumentTitle
FNF:1
FNH:1
FNDA:16,useDocumentTitle
DA:1,1
DA:2,1
DA:4,1
DA:5,1
DA:6,1
DA:7,1
DA:8,1
DA:9,1
DA:10,1
DA:11,1
DA:12,1
DA:13,1
DA:14,1
DA:15,1
DA:16,1
DA:17,16
DA:18,16
DA:19,16
DA:21,16
DA:22,7
DA:24,7
DA:25,7
DA:26,7
DA:28,7
DA:29,2
DA:30,2
DA:31,2
DA:32,2
DA:33,2
DA:34,2
DA:36,7
DA:37,7
DA:38,0
DA:39,0
DA:40,7
DA:41,7
DA:42,16
DA:43,16
LF:38
LH:36
BRDA:16,0,0,16
BRDA:18,1,0,0
BRDA:21,2,0,7
BRDA:22,3,0,0
BRDA:25,4,0,0
BRDA:26,5,0,0
BRDA:28,6,0,2
BRDA:31,7,0,2
BRDA:32,8,0,0
BRDA:36,9,0,7
BRDA:37,10,0,0
BRF:11
BRH:5
end_of_record
TN:
SF:src/pages/BulkWatering.jsx
FN:1,(empty-report)
FNF:1
FNH:0
FNDA:0,(empty-report)
DA:1,0
DA:2,0
DA:3,0
DA:4,0
DA:5,0
DA:6,0
DA:7,0
DA:8,0
DA:9,0
DA:11,0
DA:12,0
DA:13,0
DA:14,0
DA:15,0
DA:16,0
DA:17,0
DA:18,0
DA:19,0
DA:20,0
DA:21,0
DA:23,0
DA:24,0
DA:25,0
DA:26,0
DA:27,0
DA:28,0
DA:30,0
DA:31,0
DA:32,0
DA:33,0
DA:34,0
DA:35,0
DA:36,0
DA:37,0
DA:38,0
DA:39,0
DA:40,0
DA:41,0
DA:42,0
DA:43,0
DA:44,0
DA:45,0
DA:46,0
DA:47,0
DA:48,0
DA:49,0
DA:50,0
DA:52,0
DA:53,0
DA:54,0
DA:55,0
DA:57,0
DA:58,0
DA:59,0
DA:60,0
DA:61,0
DA:62,0
DA:64,0
DA:66,0
DA:67,0
DA:69,0
DA:70,0
DA:71,0
DA:72,0
DA:73,0
DA:74,0
DA:75,0
DA:77,0
DA:78,0
DA:79,0
DA:80,0
DA:81,0
DA:83,0
DA:84,0
DA:85,0
DA:87,0
DA:88,0
DA:89,0
DA:90,0
DA:91,0
DA:92,0
DA:93,0
DA:94,0
DA:95,0
DA:96,0
DA:97,0
DA:98,0
DA:99,0
DA:100,0
DA:102,0
DA:103,0
DA:104,0
DA:105,0
DA:106,0
DA:107,0
DA:108,0
DA:109,0
DA:111,0
DA:112,0
DA:113,0
DA:114,0
DA:115,0
DA:116,0
DA:117,0
DA:118,0
DA:120,0
DA:121,0
DA:122,0
DA:123,0
DA:124,0
DA:127,0
DA:128,0
DA:129,0
DA:130,0
DA:131,0
DA:132,0
DA:135,0
DA:138,0
DA:139,0
DA:140,0
DA:141,0
DA:142,0
DA:143,0
DA:145,0
DA:147,0
DA:148,0
DA:152,0
DA:153,0
DA:155,0
DA:156,0
DA:157,0
DA:158,0
DA:159,0
DA:160,0
DA:161,0
DA:162,0
DA:163,0
DA:164,0
DA:165,0
DA:170,0
LF:140
LH:0
BRDA:1,0,0,0
BRF:1
BRH:0
end_of_record
TN:
SF:src/pages/BulkWeightMeasurement.jsx
FN:1,(empty-report)
FNF:1
FNH:1
FNDA:1,(empty-report)
DA:2,0
DA:3,0
DA:4,0
DA:5,0
DA:6,0
DA:7,0
DA:8,0
DA:9,0
DA:10,0
DA:11,0
DA:13,0
DA:14,0
DA:15,0
DA:16,0
DA:17,0
DA:18,0
DA:19,0
DA:20,0
DA:21,0
DA:22,0
DA:23,0
DA:24,0
DA:25,0
DA:26,0
DA:28,0
DA:29,0
DA:30,0
DA:31,0
DA:32,0
DA:33,0
DA:34,0
DA:35,0
DA:36,0
DA:37,0
DA:38,0
DA:39,0
DA:40,0
DA:41,0
DA:42,0
DA:43,0
DA:44,0
DA:45,0
DA:46,0
DA:47,0
DA:49,0
DA:50,0
DA:51,0
DA:52,0
DA:54,0
DA:55,0
DA:56,0
DA:57,0
DA:58,0
DA:59,0
DA:60,0
DA:62,0
DA:63,0
DA:65,0
DA:66,0
DA:67,0
DA:69,0
DA:70,0
DA:71,0
DA:72,0
DA:73,0
DA:74,0
DA:75,0
DA:77,0
DA:78,0
DA:79,0
DA:80,0
DA:81,0
DA:83,0
DA:84,0
DA:85,0
DA:86,0
DA:88,0
DA:89,0
DA:90,0
DA:91,0
DA:92,0
DA:93,0
DA:94,0
DA:95,0
DA:96,0
DA:97,0
DA:98,0
DA:99,0
DA:100,0
DA:101,0
DA:102,0
DA:103,0
DA:105,0
DA:106,0
DA:107,0
DA:108,0
DA:109,0
DA:110,0
DA:111,0
DA:113,0
DA:114,0
DA:115,0
DA:116,0
DA:117,0
DA:118,0
DA:119,0
DA:121,0
DA:122,0
DA:123,0
DA:124,0
DA:125,0
DA:126,0
DA:128,0
DA:129,0
DA:130,0
DA:131,0
DA:132,0
DA:133,0
DA:134,0
DA:135,0
DA:137,0
DA:138,0
DA:139,0
DA:140,0
DA:141,0
DA:142,0
DA:145,0
DA:148,0
DA:149,0
DA:150,0
DA:151,0
DA:152,0
DA:153,0
DA:155,0
DA:157,0
DA:158,0
DA:162,0
DA:163,0
DA:165,0
DA:166,0
DA:167,0
DA:168,0
DA:169,0
DA:170,0
DA:171,0
DA:172,0
DA:173,0
DA:174,0
DA:179,0
LF:149
LH:0
BRDA:1,0,0,1
BRF:1
BRH:1
end_of_record
TN:
SF:src/pages/DailyCare.jsx
FN:13,hoursSinceLocal
FN:21,DailyCare
FN:38,plantNeedsWater
FN:90,onBack
FN:95,onClick
FN:98,onClick
FNF:6
FNH:3
FNDA:3,hoursSinceLocal
FNDA:6,DailyCare
FNDA:3,plantNeedsWater
FNDA:0,onBack
FNDA:0,onClick
FNDA:0,onClick
DA:2,1
DA:3,1
DA:4,1
DA:5,1
DA:6,1
DA:7,1
DA:8,1
DA:9,1
DA:10,1
DA:11,1
DA:13,3
DA:14,3
DA:15,3
DA:16,3
DA:17,3
DA:18,3
DA:19,3
DA:21,1
DA:22,6
DA:24,6
DA:25,6
DA:26,6
DA:28,6
DA:29,3
DA:30,3
DA:31,3
DA:32,3
DA:33,3
DA:34,3
DA:37,3
DA:38,3
DA:39,3
DA:40,3
DA:41,3
DA:42,3
DA:44,3
DA:45,3
DA:46,3
DA:47,3
DA:48,3
DA:50,3
DA:51,3
DA:52,3
DA:53,3
DA:54,3
DA:55,3
DA:56,3
DA:58,3
DA:59,3
DA:61,3
DA:63,3
DA:64,3
DA:67,3
DA:69,3
DA:70,1
DA:71,3
DA:72,3
DA:73,3
DA:74,6
DA:76,6
DA:77,3
DA:78,3
DA:79,3
DA:80,3
DA:81,3
DA:82,3
DA:83,3
DA:84,6
DA:86,6
DA:87,6
DA:88,6
DA:89,6
DA:90,6
DA:91,6
DA:92,6
DA:94,6
DA:95,6
DA:96,6
DA:98,6
DA:99,6
DA:102,6
DA:104,6
DA:105,6
DA:107,6
DA:108,2
DA:109,1
DA:111,2
DA:112,1
DA:113,1
DA:114,1
DA:115,1
DA:116,1
DA:117,1
DA:118,1
DA:119,1
DA:120,1
DA:123,1
DA:124,1
DA:125,1
DA:126,1
DA:127,1
DA:129,1
DA:130,1
DA:132,1
DA:133,1
DA:134,1
DA:135,1
DA:141,1
DA:146,6
LF:109
LH:109
BRDA:13,0,0,3
BRDA:14,1,0,0
BRDA:16,2,0,0
BRDA:21,3,0,6
BRDA:96,4,0,1
BRDA:96,5,0,5
BRDA:99,6,0,1
BRDA:99,7,0,5
BRDA:105,8,0,1
BRDA:107,9,0,3
BRDA:107,10,0,2
BRDA:108,11,0,1
BRDA:111,12,0,1
BRDA:28,13,0,3
BRDA:33,14,0,2
BRDA:34,15,0,0
BRDA:69,16,0,1
BRDA:70,17,0,0
BRDA:38,18,0,3
BRDA:41,19,0,2
BRDA:44,20,0,3
BRDA:64,21,0,3
BRDA:64,22,0,1
BRDA:76,23,0,3
BRDA:78,24,0,3
BRDA:81,25,0,0
BRDA:83,26,0,3
BRDA:96,27,0,2
BRDA:96,28,0,2
BRDA:99,29,0,2
BRDA:99,30,0,2
BRDA:126,31,0,0
BRDA:129,32,0,1
BRDA:129,33,0,1
BRDA:132,34,0,0
BRDA:132,35,0,0
BRDA:132,36,0,0
BRDA:125,37,0,0
BRDA:125,38,0,0
BRF:39
BRH:28
end_of_record
TN:
SF:src/pages/Dashboard.jsx
FN:1,(empty-report)
FNF:1
FNH:0
FNDA:0,(empty-report)
DA:1,0
DA:2,0
DA:4,0
DA:5,0
DA:6,0
DA:7,0
DA:8,0
DA:9,0
DA:15,0
LF:9
LH:0
BRDA:1,0,0,0
BRF:1
BRH:0
end_of_record
TN:
SF:src/pages/LocationCreate.jsx
FN:1,(empty-report)
FNF:1
FNH:0
FNDA:0,(empty-report)
DA:1,0
DA:2,0
DA:3,0
DA:4,0
DA:5,0
DA:7,0
DA:8,0
DA:9,0
DA:10,0
DA:12,0
DA:13,0
DA:15,0
DA:16,0
DA:17,0
DA:18,0
DA:19,0
DA:21,0
DA:22,0
DA:23,0
DA:24,0
DA:26,0
DA:27,0
DA:28,0
DA:29,0
DA:30,0
DA:31,0
DA:32,0
DA:33,0
DA:34,0
DA:35,0
DA:36,0
DA:37,0
DA:38,0
DA:39,0
DA:40,0
DA:41,0
DA:42,0
DA:44,0
DA:45,0
DA:46,0
DA:47,0
DA:48,0
DA:49,0
DA:50,0
DA:51,0
DA:52,0
DA:53,0
DA:54,0
DA:56,0
DA:57,0
DA:58,0
DA:59,0
DA:60,0
DA:61,0
DA:62,0
DA:63,0
DA:64,0
DA:65,0
DA:66,0
DA:67,0
DA:68,0
DA:69,0
DA:71,0
DA:72,0
DA:73,0
DA:74,0
DA:75,0
DA:78,0
DA:79,0
DA:80,0
DA:81,0
DA:82,0
DA:83,0
DA:84,0
DA:85,0
DA:86,0
DA:87,0
DA:88,0
DA:89,0
DA:90,0
DA:91,0
DA:92,0
DA:93,0
DA:95,0
DA:96,0
DA:100,0
DA:101,0
DA:102,0
DA:105,0
DA:106,0
DA:107,0
DA:112,0
LF:92
LH:0
BRDA:1,0,0,0
BRF:1
BRH:0
end_of_record
TN:
SF:src/pages/LocationEdit.jsx
FN:1,(empty-report)
FNF:1
FNH:0
FNDA:0,(empty-report)
DA:1,0
DA:2,0
DA:3,0
DA:4,0
DA:5,0
DA:6,0
DA:8,0
DA:9,0
DA:10,0
DA:11,0
DA:12,0
DA:13,0
DA:15,0
DA:16,0
DA:17,0
DA:18,0
DA:19,0
DA:20,0
DA:21,0
DA:23,0
DA:24,0
DA:25,0
DA:26,0
DA:27,0
DA:28,0
DA:29,0
DA:30,0
DA:31,0
DA:32,0
DA:33,0
DA:34,0
DA:35,0
DA:36,0
DA:37,0
DA:38,0
DA:39,0
DA:40,0
DA:41,0
DA:42,0
DA:43,0
DA:44,0
DA:46,0
DA:47,0
DA:48,0
DA:49,0
DA:50,0
DA:51,0
DA:53,0
DA:54,0
DA:55,0
DA:56,0
DA:57,0
DA:58,0
DA:59,0
DA:60,0
DA:61,0
DA:63,0
DA:64,0
DA:65,0
DA:66,0
DA:67,0
DA:68,0
DA:69,0
DA:70,0
DA:71,0
DA:72,0
DA:73,0
DA:74,0
DA:75,0
DA:76,0
DA:77,0
DA:78,0
DA:79,0
DA:80,0
DA:81,0
DA:82,0
DA:83,0
DA:84,0
DA:86,0
DA:87,0
DA:88,0
DA:89,0
DA:91,0
DA:92,0
DA:93,0
DA:94,0
DA:95,0
DA:96,0
DA:97,0
DA:98,0
DA:99,0
DA:100,0
DA:102,0
DA:103,0
DA:104,0
DA:105,0
DA:106,0
DA:107,0
DA:108,0
DA:109,0
DA:110,0
DA:111,0
DA:112,0
DA:113,0
DA:114,0
DA:115,0
DA:117,0
DA:118,0
DA:119,0
DA:120,0
DA:121,0
DA:124,0
DA:125,0
DA:127,0
DA:128,0
DA:129,0
DA:130,0
DA:131,0
DA:134,0
DA:135,0
DA:136,0
DA:137,0
DA:138,0
DA:139,0
DA:140,0
DA:141,0
DA:142,0
DA:143,0
DA:144,0
DA:145,0
DA:146,0
DA:147,0
DA:149,0
DA:150,0
DA:154,0
DA:155,0
DA:156,0
DA:159,0
DA:160,0
DA:161,0
DA:164,0
DA:165,0
DA:166,0
DA:172,0
LF:144
LH:0
BRDA:1,0,0,0
BRF:1
BRH:0
end_of_record
TN:
SF:src/pages/LocationsList.jsx
FN:1,(empty-report)
FNF:1
FNH:0
FNDA:0,(empty-report)
DA:1,0
DA:2,0
DA:3,0
DA:4,0
DA:5,0
DA:6,0
DA:7,0
DA:8,0
DA:9,0
DA:11,0
DA:12,0
DA:13,0
DA:14,0
DA:15,0
DA:16,0
DA:17,0
DA:18,0
DA:19,0
DA:20,0
DA:22,0
DA:23,0
DA:24,0
DA:25,0
DA:26,0
DA:27,0
DA:28,0
DA:29,0
DA:30,0
DA:31,0
DA:32,0
DA:33,0
DA:34,0
DA:35,0
DA:36,0
DA:37,0
DA:38,0
DA:39,0
DA:40,0
DA:41,0
DA:43,0
DA:44,0
DA:45,0
DA:46,0
DA:47,0
DA:48,0
DA:49,0
DA:50,0
DA:51,0
DA:53,0
DA:54,0
DA:55,0
DA:56,0
DA:58,0
DA:59,0
DA:60,0
DA:62,0
DA:63,0
DA:64,0
DA:65,0
DA:67,0
DA:68,0
DA:69,0
DA:70,0
DA:71,0
DA:72,0
DA:74,0
DA:75,0
DA:76,0
DA:77,0
DA:78,0
DA:79,0
DA:80,0
DA:81,0
DA:82,0
DA:83,0
DA:85,0
DA:86,0
DA:87,0
DA:89,0
DA:90,0
DA:91,0
DA:92,0
DA:93,0
DA:94,0
DA:96,0
DA:97,0
DA:98,0
DA:99,0
DA:100,0
DA:102,0
DA:103,0
DA:104,0
DA:105,0
DA:107,0
DA:108,0
DA:109,0
DA:110,0
DA:111,0
DA:112,0
DA:113,0
DA:114,0
DA:115,0
DA:116,0
DA:117,0
DA:118,0
DA:119,0
DA:120,0
DA:121,0
DA:122,0
DA:123,0
DA:125,0
DA:126,0
DA:127,0
DA:128,0
DA:129,0
DA:130,0
DA:131,0
DA:134,0
DA:136,0
DA:137,0
DA:138,0
DA:140,0
DA:141,0
DA:142,0
DA:143,0
DA:144,0
DA:145,0
DA:146,0
DA:147,0
DA:148,0
DA:149,0
DA:152,0
DA:153,0
DA:154,0
DA:155,0
DA:156,0
DA:157,0
DA:158,0
DA:160,0
DA:161,0
DA:163,0
DA:164,0
DA:165,0
DA:166,0
DA:167,0
DA:168,0
DA:169,0
DA:173,0
DA:174,0
DA:175,0
DA:182,0
DA:183,0
DA:184,0
DA:185,0
DA:186,0
DA:187,0
DA:188,0
DA:189,0
DA:190,0
DA:191,0
DA:195,0
LF:161
LH:0
BRDA:1,0,0,0
BRF:1
BRH:0
end_of_record
TN:
SF:src/pages/MeasurementCreate.jsx
FN:1,(empty-report)
FNF:1
FNH:0
FNDA:0,(empty-report)
DA:1,0
DA:2,0
DA:3,0
DA:4,0
DA:5,0
DA:6,0
DA:7,0
DA:8,0
DA:9,0
DA:10,0
DA:11,0
DA:12,0
DA:13,0
DA:15,0
DA:16,0
DA:17,0
DA:18,0
DA:19,0
DA:20,0
DA:21,0
DA:22,0
DA:24,0
DA:25,0
DA:26,0
DA:27,0
DA:29,0
DA:30,0
DA:31,0
DA:32,0
DA:33,0
DA:34,0
DA:35,0
DA:36,0
DA:37,0
DA:39,0
DA:40,0
DA:41,0
DA:42,0
DA:43,0
DA:44,0
DA:45,0
DA:46,0
DA:47,0
DA:48,0
DA:49,0
DA:50,0
DA:51,0
DA:53,0
DA:54,0
DA:55,0
DA:57,0
DA:58,0
DA:59,0
DA:60,0
DA:61,0
DA:62,0
DA:63,0
DA:64,0
DA:65,0
DA:66,0
DA:67,0
DA:68,0
DA:69,0
DA:70,0
DA:71,0
DA:72,0
DA:73,0
DA:74,0
DA:75,0
DA:76,0
DA:77,0
DA:78,0
DA:79,0
DA:80,0
DA:81,0
DA:82,0
DA:84,0
DA:85,0
DA:86,0
DA:87,0
DA:88,0
DA:89,0
DA:90,0
DA:91,0
DA:92,0
DA:93,0
DA:94,0
DA:95,0
DA:96,0
DA:97,0
DA:98,0
DA:99,0
DA:100,0
DA:101,0
DA:102,0
DA:103,0
DA:104,0
DA:105,0
DA:106,0
DA:107,0
DA:108,0
DA:109,0
DA:110,0
DA:112,0
DA:113,0
DA:114,0
DA:115,0
DA:116,0
DA:117,0
DA:118,0
DA:119,0
DA:120,0
DA:121,0
DA:124,0
DA:125,0
DA:126,0
DA:127,0
DA:128,0
DA:129,0
DA:130,0
DA:131,0
DA:132,0
DA:135,0
DA:136,0
DA:137,0
DA:142,0
LF:126
LH:0
BRDA:1,0,0,0
BRF:1
BRH:0
end_of_record
TN:
SF:src/pages/PlantCreate.jsx
FN:1,(empty-report)
FNF:1
FNH:0
FNDA:0,(empty-report)
DA:1,0
DA:2,0
DA:3,0
DA:4,0
DA:5,0
DA:6,0
DA:8,0
DA:9,0
DA:10,0
DA:11,0
DA:13,0
DA:15,0
DA:16,0
DA:17,0
DA:18,0
DA:19,0
DA:20,0
DA:21,0
DA:22,0
DA:23,0
DA:24,0
DA:25,0
DA:26,0
DA:27,0
DA:28,0
DA:29,0
DA:30,0
DA:31,0
DA:32,0
DA:33,0
DA:34,0
DA:35,0
DA:36,0
DA:37,0
DA:38,0
DA:39,0
DA:40,0
DA:41,0
DA:42,0
DA:43,0
DA:44,0
DA:45,0
DA:46,0
DA:47,0
DA:48,0
DA:49,0
DA:50,0
DA:51,0
DA:52,0
DA:53,0
DA:54,0
DA:56,0
DA:57,0
DA:58,0
DA:59,0
DA:60,0
DA:61,0
DA:62,0
DA:63,0
DA:64,0
DA:65,0
DA:66,0
DA:67,0
DA:68,0
DA:69,0
DA:70,0
DA:72,0
DA:73,0
DA:74,0
DA:75,0
DA:76,0
DA:77,0
DA:79,0
DA:80,0
DA:81,0
DA:82,0
DA:83,0
DA:84,0
DA:85,0
DA:86,0
DA:87,0
DA:88,0
DA:89,0
DA:90,0
DA:91,0
DA:92,0
DA:93,0
DA:94,0
DA:95,0
DA:96,0
DA:97,0
DA:98,0
DA:99,0
DA:100,0
DA:101,0
DA:102,0
DA:103,0
DA:104,0
DA:105,0
DA:106,0
DA:107,0
DA:108,0
DA:109,0
DA:110,0
DA:111,0
DA:112,0
DA:113,0
DA:114,0
DA:115,0
DA:116,0
DA:117,0
DA:118,0
DA:119,0
DA:120,0
DA:121,0
DA:122,0
DA:123,0
DA:124,0
DA:125,0
DA:126,0
DA:127,0
DA:128,0
DA:129,0
DA:130,0
DA:131,0
DA:132,0
DA:133,0
DA:134,0
DA:135,0
DA:136,0
DA:137,0
DA:138,0
DA:139,0
DA:140,0
DA:141,0
DA:142,0
DA:143,0
DA:144,0
DA:145,0
DA:146,0
DA:147,0
DA:148,0
DA:149,0
DA:150,0
DA:151,0
DA:152,0
DA:153,0
DA:154,0
DA:155,0
DA:157,0
DA:158,0
DA:159,0
DA:160,0
DA:161,0
DA:164,0
DA:165,0
DA:166,0
DA:167,0
DA:168,0
DA:169,0
DA:170,0
DA:171,0
DA:172,0
DA:173,0
DA:174,0
DA:175,0
DA:176,0
DA:177,0
DA:178,0
DA:179,0
DA:180,0
DA:181,0
DA:182,0
DA:183,0
DA:184,0
DA:185,0
DA:186,0
DA:187,0
DA:188,0
DA:189,0
DA:190,0
DA:191,0
DA:192,0
DA:193,0
DA:194,0
DA:195,0
DA:196,0
DA:197,0
DA:198,0
DA:199,0
DA:200,0
DA:201,0
DA:202,0
DA:203,0
DA:204,0
DA:205,0
DA:206,0
DA:207,0
DA:208,0
DA:209,0
DA:210,0
DA:211,0
DA:212,0
DA:213,0
DA:214,0
DA:215,0
DA:216,0
DA:217,0
DA:218,0
DA:219,0
DA:220,0
DA:221,0
DA:222,0
DA:223,0
DA:226,0
DA:227,0
DA:228,0
DA:229,0
DA:230,0
DA:231,0
DA:232,0
DA:233,0
DA:234,0
DA:235,0
DA:236,0
DA:237,0
DA:238,0
DA:239,0
DA:240,0
DA:241,0
DA:242,0
DA:243,0
DA:244,0
DA:246,0
DA:249,0
DA:250,0
DA:251,0
DA:252,0
DA:253,0
DA:254,0
DA:255,0
DA:256,0
DA:257,0
DA:258,0
DA:261,0
DA:262,0
DA:263,0
DA:264,0
DA:265,0
DA:266,0
DA:267,0
DA:268,0
DA:269,0
DA:270,0
DA:273,0
DA:274,0
DA:275,0
DA:276,0
DA:277,0
DA:278,0
DA:279,0
DA:280,0
DA:281,0
DA:282,0
DA:285,0
DA:286,0
DA:287,0
DA:288,0
DA:289,0
DA:290,0
DA:291,0
DA:292,0
DA:293,0
DA:294,0
DA:295,0
DA:298,0
DA:299,0
DA:300,0
DA:301,0
DA:302,0
DA:303,0
DA:304,0
DA:305,0
DA:306,0
DA:307,0
DA:308,0
DA:311,0
DA:312,0
DA:313,0
DA:314,0
DA:315,0
DA:316,0
DA:317,0
DA:318,0
DA:319,0
DA:320,0
DA:321,0
DA:322,0
DA:323,0
DA:326,0
DA:329,0
DA:330,0
DA:331,0
DA:332,0
DA:333,0
DA:334,0
DA:335,0
DA:336,0
DA:337,0
DA:338,0
DA:343,0
DA:344,0
DA:345,0
DA:346,0
DA:347,0
DA:348,0
DA:349,0
DA:350,0
DA:351,0
DA:352,0
DA:353,0
DA:354,0
DA:357,0
DA:358,0
DA:359,0
DA:360,0
DA:361,0
DA:362,0
DA:363,0
DA:364,0
DA:365,0
DA:366,0
DA:394,0
DA:395,0
DA:396,0
DA:397,0
DA:398,0
DA:399,0
DA:400,0
DA:401,0
DA:402,0
DA:403,0
DA:404,0
DA:405,0
DA:408,0
DA:409,0
DA:410,0
DA:411,0
DA:412,0
DA:413,0
DA:414,0
DA:415,0
DA:416,0
DA:417,0
DA:420,0
DA:421,0
DA:422,0
DA:423,0
DA:424,0
DA:425,0
DA:426,0
DA:427,0
DA:428,0
DA:429,0
DA:434,0
DA:435,0
DA:436,0
DA:437,0
DA:438,0
DA:439,0
DA:440,0
DA:441,0
DA:442,0
DA:443,0
DA:444,0
DA:445,0
DA:448,0
DA:449,0
DA:450,0
DA:451,0
DA:452,0
DA:453,0
DA:454,0
DA:455,0
DA:456,0
DA:457,0
DA:460,0
DA:461,0
DA:462,0
DA:463,0
DA:464,0
DA:465,0
DA:466,0
DA:467,0
DA:468,0
DA:469,0
DA:472,0
DA:473,0
DA:474,0
DA:475,0
DA:476,0
DA:477,0
DA:478,0
DA:479,0
DA:480,0
DA:481,0
DA:484,0
DA:485,0
DA:486,0
DA:487,0
DA:488,0
DA:489,0
DA:490,0
DA:491,0
DA:492,0
DA:493,0
DA:496,0
DA:497,0
DA:498,0
DA:499,0
DA:500,0
DA:501,0
DA:502,0
DA:503,0
DA:504,0
DA:505,0
DA:508,0
DA:509,0
DA:510,0
DA:511,0
DA:512,0
DA:513,0
DA:514,0
DA:515,0
DA:516,0
DA:517,0
DA:522,0
DA:523,0
DA:524,0
DA:525,0
DA:526,0
DA:527,0
DA:528,0
DA:529,0
DA:530,0
DA:531,0
DA:532,0
DA:533,0
DA:535,0
DA:536,0
DA:537,0
DA:538,0
DA:539,0
DA:540,0
DA:541,0
DA:542,0
DA:543,0
DA:544,0
DA:546,0
DA:547,0
DA:548,0
DA:549,0
DA:550,0
DA:551,0
DA:552,0
DA:553,0
DA:554,0
DA:555,0
DA:560,0
DA:561,0
DA:562,0
DA:563,0
DA:564,0
DA:565,0
DA:566,0
DA:567,0
DA:568,0
DA:569,0
DA:570,0
DA:571,0
DA:574,0
DA:575,0
DA:576,0
DA:577,0
DA:578,0
DA:579,0
DA:580,0
DA:581,0
DA:582,0
DA:583,0
DA:588,0
DA:590,0
DA:591,0
DA:592,0
DA:593,0
DA:594,0
DA:595,0
DA:596,0
DA:597,0
DA:598,0
DA:599,0
DA:600,0
DA:601,0
DA:602,0
DA:603,0
DA:604,0
DA:605,0
DA:606,0
DA:611,0
LF:509
LH:0
BRDA:1,0,0,0
BRF:1
BRH:0
end_of_record
TN:
SF:src/pages/PlantDetails.jsx
FN:1,(empty-report)
FNF:1
FNH:0
FNDA:0,(empty-report)
DA:1,0
DA:2,0
DA:3,0
DA:4,0
DA:5,0
DA:6,0
DA:7,0
DA:8,0
DA:9,0
DA:10,0
DA:11,0
DA:12,0
DA:13,0
DA:15,0
DA:16,0
DA:17,0
DA:18,0
DA:20,0
DA:21,0
DA:22,0
DA:23,0
DA:24,0
DA:25,0
DA:26,0
DA:27,0
DA:29,0
DA:30,0
DA:31,0
DA:32,0
DA:33,0
DA:34,0
DA:35,0
DA:36,0
DA:37,0
DA:38,0
DA:39,0
DA:40,0
DA:41,0
DA:42,0
DA:43,0
DA:44,0
DA:45,0
DA:46,0
DA:47,0
DA:49,0
DA:50,0
DA:51,0
DA:52,0
DA:53,0
DA:54,0
DA:55,0
DA:56,0
DA:57,0
DA:58,0
DA:59,0
DA:60,0
DA:61,0
DA:63,0
DA:64,0
DA:65,0
DA:68,0
DA:69,0
DA:70,0
DA:71,0
DA:72,0
DA:73,0
DA:74,0
DA:75,0
DA:77,0
DA:78,0
DA:79,0
DA:80,0
DA:82,0
DA:83,0
DA:84,0
DA:85,0
DA:87,0
DA:88,0
DA:89,0
DA:90,0
DA:91,0
DA:92,0
DA:93,0
DA:94,0
DA:95,0
DA:96,0
DA:97,0
DA:99,0
DA:100,0
DA:101,0
DA:102,0
DA:103,0
DA:104,0
DA:105,0
DA:108,0
DA:109,0
DA:110,0
DA:111,0
DA:112,0
DA:115,0
DA:121,0
DA:122,0
DA:124,0
DA:125,0
DA:126,0
DA:127,0
DA:128,0
DA:129,0
DA:130,0
DA:131,0
DA:132,0
DA:133,0
DA:134,0
DA:135,0
DA:136,0
DA:137,0
DA:141,0
DA:142,0
DA:143,0
DA:144,0
DA:145,0
DA:146,0
DA:147,0
DA:149,0
DA:150,0
DA:151,0
DA:152,0
DA:153,0
DA:154,0
DA:155,0
DA:156,0
DA:157,0
DA:158,0
DA:159,0
DA:160,0
DA:161,0
DA:162,0
DA:165,0
DA:166,0
DA:167,0
DA:168,0
DA:169,0
DA:170,0
DA:172,0
DA:173,0
DA:174,0
DA:175,0
DA:176,0
DA:177,0
DA:178,0
DA:179,0
DA:180,0
DA:186,0
DA:191,0
DA:192,0
DA:193,0
DA:194,0
DA:195,0
DA:196,0
DA:197,0
DA:198,0
DA:199,0
DA:200,0
DA:204,0
LF:164
LH:0
BRDA:1,0,0,0
BRF:1
BRH:0
end_of_record
TN:
SF:src/pages/PlantEdit.jsx
FN:1,(empty-report)
FNF:1
FNH:0
FNDA:0,(empty-report)
DA:1,0
DA:2,0
DA:3,0
DA:4,0
DA:5,0
DA:6,0
DA:7,0
DA:9,0
DA:10,0
DA:11,0
DA:12,0
DA:13,0
DA:14,0
DA:16,0
DA:18,0
DA:19,0
DA:20,0
DA:22,0
DA:23,0
DA:24,0
DA:25,0
DA:26,0
DA:27,0
DA:28,0
DA:29,0
DA:30,0
DA:31,0
DA:32,0
DA:33,0
DA:34,0
DA:35,0
DA:36,0
DA:37,0
DA:38,0
DA:39,0
DA:40,0
DA:41,0
DA:43,0
DA:44,0
DA:45,0
DA:46,0
DA:48,0
DA:49,0
DA:50,0
DA:51,0
DA:52,0
DA:53,0
DA:54,0
DA:55,0
DA:56,0
DA:57,0
DA:58,0
DA:59,0
DA:60,0
DA:61,0
DA:62,0
DA:63,0
DA:64,0
DA:65,0
DA:66,0
DA:67,0
DA:68,0
DA:70,0
DA:71,0
DA:72,0
DA:73,0
DA:74,0
DA:75,0
DA:76,0
DA:77,0
DA:78,0
DA:79,0
DA:80,0
DA:81,0
DA:82,0
DA:83,0
DA:84,0
DA:86,0
DA:87,0
DA:88,0
DA:89,0
DA:91,0
DA:92,0
DA:93,0
DA:94,0
DA:95,0
DA:96,0
DA:97,0
DA:98,0
DA:99,0
DA:100,0
DA:101,0
DA:102,0
DA:103,0
DA:104,0
DA:105,0
DA:106,0
DA:107,0
DA:108,0
DA:109,0
DA:110,0
DA:111,0
DA:112,0
DA:113,0
DA:114,0
DA:115,0
DA:116,0
DA:117,0
DA:118,0
DA:119,0
DA:120,0
DA:121,0
DA:122,0
DA:123,0
DA:124,0
DA:126,0
DA:127,0
DA:128,0
DA:129,0
DA:131,0
DA:132,0
DA:133,0
DA:134,0
DA:135,0
DA:136,0
DA:137,0
DA:138,0
DA:139,0
DA:140,0
DA:142,0
DA:143,0
DA:144,0
DA:145,0
DA:146,0
DA:147,0
DA:148,0
DA:149,0
DA:150,0
DA:151,0
DA:152,0
DA:153,0
DA:154,0
DA:155,0
DA:156,0
DA:157,0
DA:158,0
DA:159,0
DA:160,0
DA:161,0
DA:162,0
DA:163,0
DA:164,0
DA:166,0
DA:167,0
DA:168,0
DA:169,0
DA:170,0
DA:173,0
DA:174,0
DA:176,0
DA:177,0
DA:178,0
DA:179,0
DA:180,0
DA:181,0
DA:184,0
DA:185,0
DA:186,0
DA:187,0
DA:188,0
DA:191,0
DA:192,0
DA:193,0
DA:196,0
DA:197,0
DA:198,0
DA:199,0
DA:200,0
DA:201,0
DA:204,0
DA:207,0
DA:208,0
DA:209,0
DA:212,0
DA:213,0
DA:214,0
DA:219,0
DA:220,0
DA:221,0
DA:222,0
DA:223,0
DA:226,0
DA:227,0
DA:228,0
DA:231,0
DA:232,0
DA:233,0
DA:236,0
DA:237,0
DA:238,0
DA:241,0
DA:242,0
DA:243,0
DA:246,0
DA:247,0
DA:248,0
DA:251,0
DA:252,0
DA:253,0
DA:256,0
DA:257,0
DA:258,0
DA:261,0
DA:262,0
DA:263,0
DA:268,0
DA:269,0
DA:270,0
DA:271,0
DA:272,0
DA:274,0
DA:275,0
DA:276,0
DA:278,0
DA:279,0
DA:280,0
DA:285,0
DA:286,0
DA:287,0
DA:293,0
LF:230
LH:0
BRDA:1,0,0,0
BRF:1
BRH:0
end_of_record
TN:
SF:src/pages/PlantsList.jsx
FN:19,PlantsList
FN:34,load
FN:65,handleView
FN:70,handleEdit
FN:76,handleDelete
FN:81,reorder
FN:88,persistOrder
FN:99,onDragStart
FN:103,onDragOver
FN:110,onDragEnd
FN:116,moveItem
FN:123,moveUp
FN:127,moveDown
FN:131,closeDialog
FN:136,confirmDelete
FN:180,onBack
FN:182,onCreate
FN:188,onRetry
FN:194,onClick
FN:253,onDragStart
FN:255,onDragOver
FN:290,onClick
FN:291,onClick
FN:292,onClick
FN:295,onClick
FN:303,onClick
FNF:26
FNH:2
FNDA:10,PlantsList
FNDA:4,load
FNDA:0,handleView
FNDA:0,handleEdit
FNDA:0,handleDelete
FNDA:0,reorder
FNDA:0,persistOrder
FNDA:0,onDragStart
FNDA:0,onDragOver
FNDA:0,onDragEnd
FNDA:0,moveItem
FNDA:0,moveUp
FNDA:0,moveDown
FNDA:0,closeDialog
FNDA:0,confirmDelete
FNDA:0,onBack
FNDA:0,onCreate
FNDA:0,onRetry
FNDA:0,onClick
FNDA:0,onDragStart
FNDA:0,onDragOver
FNDA:0,onClick
FNDA:0,onClick
FNDA:0,onClick
FNDA:0,onClick
FNDA:0,onClick
DA:1,1
DA:2,1
DA:3,1
DA:4,1
DA:5,1
DA:6,1
DA:7,1
DA:8,1
DA:9,1
DA:10,1
DA:11,1
DA:12,1
DA:13,1
DA:14,1
DA:15,1
DA:16,1
DA:17,1
DA:19,1
DA:20,10
DA:21,10
DA:22,10
DA:23,10
DA:24,10
DA:25,10
DA:26,10
DA:27,10
DA:28,10
DA:29,10
DA:30,10
DA:32,10
DA:33,4
DA:34,4
DA:35,4
DA:36,4
DA:37,4
DA:38,4
DA:39,1
DA:40,1
DA:41,1
DA:42,1
DA:43,4
DA:44,4
DA:45,4
DA:46,4
DA:47,4
DA:48,4
DA:49,4
DA:50,4
DA:51,10
DA:53,10
DA:54,4
DA:55,4
DA:56,0
DA:57,0
DA:58,0
DA:59,0
DA:60,0
DA:61,0
DA:62,0
DA:63,10
DA:65,10
DA:66,0
DA:67,0
DA:68,0
DA:70,10
DA:71,0
DA:72,0
DA:73,0
DA:74,0
DA:76,10
DA:77,0
DA:78,0
DA:79,0
DA:81,10
DA:82,0
DA:83,0
DA:84,0
DA:85,0
DA:86,0
DA:88,10
DA:89,0
DA:90,0
DA:91,0
DA:92,0
DA:93,0
DA:94,0
DA:95,0
DA:96,0
DA:97,0
DA:99,10
DA:100,0
DA:101,0
DA:103,10
DA:104,0
DA:105,0
DA:106,0
DA:107,0
DA:108,0
DA:110,10
DA:111,0
DA:112,0
DA:113,0
DA:114,0
DA:116,10
DA:117,0
DA:118,0
DA:119,0
DA:120,0
DA:121,0
DA:123,10
DA:124,0
DA:125,0
DA:127,10
DA:128,0
DA:129,0
DA:131,10
DA:132,0
DA:133,0
DA:134,0
DA:136,10
DA:137,0
DA:138,0
DA:139,0
DA:140,0
DA:141,0
DA:142,0
DA:143,0
DA:144,0
DA:145,0
DA:146,0
DA:147,0
DA:148,0
DA:149,0
DA:150,0
DA:151,0
DA:152,0
DA:154,10
DA:155,10
DA:156,9
DA:157,9
DA:159,2
DA:160,2
DA:161,2
DA:162,9
DA:164,9
DA:165,6
DA:166,6
DA:167,6
DA:168,6
DA:169,6
DA:170,6
DA:171,6
DA:172,6
DA:173,9
DA:174,10
DA:176,10
DA:177,10
DA:178,10
DA:179,10
DA:180,10
DA:181,10
DA:182,10
DA:185,10
DA:187,10
DA:188,10
DA:189,10
DA:191,10
DA:192,5
DA:193,1
DA:194,1
DA:197,5
DA:199,4
DA:200,4
DA:201,4
DA:202,4
DA:203,4
DA:204,4
DA:205,4
DA:207,4
DA:208,4
DA:212,4
DA:213,4
DA:214,4
DA:215,4
DA:216,4
DA:217,4
DA:219,4
DA:220,4
DA:221,4
DA:223,4
DA:224,4
DA:225,4
DA:227,4
DA:228,4
DA:229,4
DA:231,4
DA:232,4
DA:233,4
DA:235,4
DA:236,4
DA:237,4
DA:239,4
DA:240,4
DA:241,4
DA:245,4
DA:246,4
DA:247,7
DA:248,7
DA:249,7
DA:250,7
DA:251,7
DA:252,7
DA:253,7
DA:254,7
DA:255,7
DA:257,7
DA:258,7
DA:259,7
DA:260,7
DA:261,7
DA:262,7
DA:266,7
DA:267,7
DA:269,7
DA:270,7
DA:271,7
DA:272,7
DA:275,7
DA:278,7
DA:279,7
DA:280,7
DA:281,7
DA:284,7
DA:287,7
DA:288,7
DA:289,7
DA:290,7
DA:291,7
DA:292,7
DA:293,7
DA:294,7
DA:295,7
DA:296,7
DA:297,7
DA:298,7
DA:299,7
DA:300,7
DA:301,7
DA:302,7
DA:303,7
DA:304,7
DA:305,7
DA:306,7
DA:307,7
DA:308,7
DA:309,7
DA:310,7
DA:311,7
DA:312,7
DA:313,7
DA:314,7
DA:315,7
DA:318,7
DA:322,4
DA:324,10
DA:325,10
DA:326,10
DA:327,10
DA:328,10
DA:329,10
DA:330,10
DA:331,10
DA:332,10
DA:333,10
DA:337,10
LF:275
LH:205
BRDA:19,0,0,10
BRDA:188,1,0,1
BRDA:189,2,0,0
BRDA:191,3,0,6
BRDA:191,4,0,5
BRDA:192,5,0,1
BRDA:197,6,0,4
BRDA:208,7,0,0
BRDA:326,8,0,0
BRDA:32,9,0,4
BRDA:34,10,0,4
BRDA:36,11,0,3
BRDA:37,12,0,0
BRDA:38,13,0,1
BRDA:40,14,0,0
BRDA:42,15,0,0
BRDA:48,16,0,4
BRDA:53,17,0,4
BRDA:54,18,0,0
BRDA:55,19,0,0
BRDA:155,20,0,9
BRDA:156,21,0,7
BRDA:157,22,0,7
BRDA:157,23,0,2
BRDA:164,24,0,6
BRDA:165,25,0,0
BRDA:246,26,0,7
BRDA:249,27,0,2
BRDA:249,28,0,2
BRDA:253,29,0,5
BRDA:253,30,0,2
BRDA:254,31,0,5
BRDA:254,32,0,2
BRDA:255,33,0,5
BRDA:255,34,0,2
BRDA:257,35,0,0
BRDA:269,36,0,0
BRDA:269,37,0,0
BRDA:275,38,0,0
BRDA:278,39,0,0
BRDA:284,40,0,0
BRDA:296,41,0,5
BRDA:304,42,0,5
BRDA:251,43,0,0
BRF:44
BRH:28
end_of_record
TN:
SF:src/pages/RepottingCreate.jsx
FN:1,(empty-report)
FNF:1
FNH:0
FNDA:0,(empty-report)
DA:1,0
DA:2,0
DA:3,0
DA:4,0
DA:5,0
DA:6,0
DA:7,0
DA:10,0
DA:11,0
DA:12,0
DA:13,0
DA:14,0
DA:15,0
DA:16,0
DA:18,0
DA:19,0
DA:20,0
DA:21,0
DA:22,0
DA:23,0
DA:24,0
DA:26,0
DA:28,0
DA:29,0
DA:30,0
DA:31,0
DA:32,0
DA:33,0
DA:34,0
DA:35,0
DA:36,0
DA:37,0
DA:38,0
DA:39,0
DA:40,0
DA:42,0
DA:43,0
DA:44,0
DA:45,0
DA:46,0
DA:47,0
DA:48,0
DA:49,0
DA:50,0
DA:51,0
DA:52,0
DA:53,0
DA:54,0
DA:55,0
DA:56,0
DA:57,0
DA:58,0
DA:59,0
DA:61,0
DA:62,0
DA:63,0
DA:65,0
DA:66,0
DA:68,0
DA:69,0
DA:70,0
DA:71,0
DA:72,0
DA:73,0
DA:74,0
DA:75,0
DA:76,0
DA:77,0
DA:78,0
DA:79,0
DA:80,0
DA:81,0
DA:82,0
DA:83,0
DA:84,0
DA:85,0
DA:86,0
DA:87,0
DA:88,0
DA:89,0
DA:90,0
DA:91,0
DA:93,0
DA:94,0
DA:95,0
DA:96,0
DA:97,0
DA:98,0
DA:100,0
DA:101,0
DA:102,0
DA:103,0
DA:104,0
DA:105,0
DA:106,0
DA:107,0
DA:108,0
DA:109,0
DA:110,0
DA:114,0
DA:115,0
DA:116,0
DA:119,0
DA:120,0
DA:121,0
DA:124,0
DA:125,0
DA:126,0
DA:129,0
DA:130,0
DA:131,0
DA:136,0
DA:138,0
LF:113
LH:0
BRDA:1,0,0,0
BRF:1
BRH:0
end_of_record
TN:
SF:src/pages/Settings.jsx
FN:1,(empty-report)
FNF:1
FNH:0
FNDA:0,(empty-report)
DA:1,0
DA:2,0
DA:3,0
DA:5,0
DA:6,0
DA:7,0
DA:8,0
DA:9,0
DA:11,0
DA:12,0
DA:13,0
DA:14,0
DA:16,0
DA:17,0
DA:18,0
DA:19,0
DA:20,0
DA:21,0
DA:22,0
DA:24,0
DA:25,0
DA:26,0
DA:27,0
DA:28,0
DA:29,0
DA:30,0
DA:31,0
DA:32,0
DA:33,0
DA:34,0
DA:35,0
DA:36,0
DA:37,0
DA:38,0
DA:39,0
DA:40,0
DA:41,0
DA:42,0
DA:43,0
DA:45,0
DA:46,0
DA:47,0
DA:48,0
DA:50,0
DA:51,0
DA:52,0
DA:53,0
DA:54,0
DA:55,0
DA:56,0
DA:57,0
DA:58,0
DA:59,0
DA:62,0
DA:63,0
DA:64,0
DA:65,0
DA:66,0
DA:67,0
DA:70,0
DA:71,0
DA:72,0
DA:73,0
DA:74,0
DA:77,0
DA:78,0
DA:79,0
DA:84,0
DA:86,0
DA:87,0
LF:70
LH:0
BRDA:1,0,0,0
BRF:1
BRH:0
end_of_record
TN:
SF:src/pages/WateringCreate.jsx
FN:1,(empty-report)
FNF:1
FNH:0
FNDA:0,(empty-report)
DA:1,0
DA:2,0
DA:3,0
DA:4,0
DA:5,0
DA:6,0
DA:7,0
DA:8,0
DA:9,0
DA:10,0
DA:11,0
DA:13,0
DA:14,0
DA:15,0
DA:16,0
DA:17,0
DA:18,0
DA:19,0
DA:20,0
DA:22,0
DA:23,0
DA:24,0
DA:26,0
DA:27,0
DA:28,0
DA:29,0
DA:30,0
DA:31,0
DA:32,0
DA:34,0
DA:35,0
DA:36,0
DA:37,0
DA:38,0
DA:39,0
DA:40,0
DA:41,0
DA:42,0
DA:43,0
DA:44,0
DA:45,0
DA:46,0
DA:48,0
DA:49,0
DA:50,0
DA:52,0
DA:53,0
DA:54,0
DA:55,0
DA:56,0
DA:57,0
DA:58,0
DA:59,0
DA:60,0
DA:61,0
DA:62,0
DA:63,0
DA:64,0
DA:65,0
DA:66,0
DA:67,0
DA:68,0
DA:69,0
DA:70,0
DA:71,0
DA:72,0
DA:73,0
DA:74,0
DA:75,0
DA:77,0
DA:78,0
DA:79,0
DA:80,0
DA:81,0
DA:82,0
DA:83,0
DA:84,0
DA:85,0
DA:86,0
DA:87,0
DA:88,0
DA:89,0
DA:90,0
DA:91,0
DA:92,0
DA:93,0
DA:94,0
DA:95,0
DA:96,0
DA:97,0
DA:98,0
DA:99,0
DA:101,0
DA:102,0
DA:103,0
DA:104,0
DA:105,0
DA:106,0
DA:107,0
DA:108,0
DA:109,0
DA:110,0
DA:113,0
DA:114,0
DA:115,0
DA:116,0
DA:118,0
DA:119,0
DA:120,0
DA:125,0
LF:110
LH:0
BRDA:1,0,0,0
BRF:1
BRH:0
end_of_record
TN:
SF:src/utils/datetime.js
FN:4,parseAPIDate
FN:29,formatDateTime
FN:55,nowLocalISOMinutes
FN:67,toLocalISOMinutes
FNF:4
FNH:2
FNDA:11,parseAPIDate
FNDA:11,formatDateTime
FNDA:0,nowLocalISOMinutes
FNDA:0,toLocalISOMinutes
DA:1,1
DA:2,1
DA:3,1
DA:4,1
DA:5,11
DA:6,11
DA:7,11
DA:8,0
DA:9,0
DA:10,0
DA:11,11
DA:12,6
DA:13,11
DA:15,6
DA:16,6
DA:17,11
DA:18,4
DA:19,4
DA:20,4
DA:21,4
DA:22,4
DA:24,2
DA:25,2
DA:26,11
DA:27,11
DA:29,1
DA:30,11
DA:31,11
DA:32,11
DA:34,6
DA:35,11
DA:37,11
DA:38,11
DA:39,11
DA:40,11
DA:41,11
DA:42,11
DA:43,11
DA:44,11
DA:45,11
DA:46,11
DA:48,11
DA:49,11
DA:50,0
DA:51,0
DA:52,11
DA:54,1
DA:55,1
DA:56,0
DA:57,0
DA:58,0
DA:59,0
DA:60,0
DA:61,0
DA:62,0
DA:63,0
DA:64,0
DA:66,1
DA:67,1
DA:68,0
DA:69,0
DA:70,0
DA:71,0
DA:72,0
DA:73,0
DA:74,0
DA:75,0
DA:76,0
DA:77,0
LF:69
LH:45
BRDA:4,0,0,11
BRDA:5,1,0,5
BRDA:5,2,0,6
BRDA:6,3,0,0
BRDA:6,4,0,6
BRDA:7,5,0,0
BRDA:10,6,0,6
BRDA:11,7,0,0
BRDA:11,8,0,6
BRDA:13,9,0,0
BRDA:13,10,0,6
BRDA:17,11,0,4
BRDA:17,12,0,9
BRDA:17,13,0,4
BRDA:21,14,0,0
BRDA:22,15,0,2
BRDA:26,16,0,0
BRDA:26,17,0,2
BRDA:29,18,0,11
BRDA:32,19,0,5
BRDA:32,20,0,6
BRDA:35,21,0,6
BRDA:38,22,0,6
BRDA:38,23,0,0
BRDA:49,24,0,0
BRF:25
BRH:17
end_of_record
TN:
SF:src/utils/waterLoss.js
FN:1,(empty-report)
FNF:1
FNH:0
FNDA:0,(empty-report)
DA:1,0
DA:2,0
DA:3,0
DA:4,0
DA:5,0
DA:6,0
DA:7,0
DA:8,0
DA:9,0
DA:10,0
DA:11,0
DA:12,0
DA:13,0
DA:14,0
DA:15,0
DA:16,0
DA:17,0
LF:17
LH:0
BRDA:1,0,0,0
BRF:1
BRH:0
end_of_record
TN:
SF:src/utils/water_retained_colors.js
FN:13,getWaterRetainCellStyle
FN:53,getWaterLossCellStyle
FNF:2
FNH:2
FNDA:26,getWaterRetainCellStyle
FNDA:18,getWaterLossCellStyle
DA:1,1
DA:2,1
DA:3,1
DA:4,1
DA:5,1
DA:6,1
DA:8,1
DA:9,1
DA:10,1
DA:11,1
DA:12,1
DA:13,1
DA:14,26
DA:16,26
DA:17,26
DA:18,26
DA:21,0
DA:22,0
DA:23,0
DA:24,0
DA:25,0
DA:26,0
DA:27,0
DA:28,0
DA:29,0
DA:30,0
DA:31,0
DA:32,0
DA:33,0
DA:34,0
DA:35,0
DA:36,0
DA:37,0
DA:38,0
DA:39,0
DA:40,0
DA:41,0
DA:42,0
DA:43,0
DA:44,0
DA:45,0
DA:46,0
DA:47,0
DA:48,0
DA:49,0
DA:50,0
DA:51,0
DA:53,1
DA:54,18
DA:55,1
DA:56,18
DA:57,0
DA:58,17
DA:59,1
DA:60,17
DA:61,14
DA:62,16
DA:63,2
DA:64,2
DA:65,0
DA:66,0
DA:67,18
LF:62
LH:28
BRDA:13,0,0,26
BRDA:18,1,0,0
BRDA:53,2,0,18
BRDA:54,3,0,1
BRDA:56,4,0,17
BRDA:56,5,0,0
BRDA:58,6,0,1
BRDA:60,7,0,16
BRDA:60,8,0,14
BRDA:62,9,0,2
BRDA:64,10,0,0
BRF:11
BRH:8
end_of_record
